  Engine.cpp
  LightStorage.cpp
  InitializeGraphics.cpp
C:\Users\Skup-PC\Documents\Visual Studio 2022\Projects\DoorsEngine\Core\Render\InitializeGraphics.cpp(332,11): error C2664: 'void EntityManager::AddTransformComponent(const EntityID &,const XMFLOAT3 &,const XMVECTOR &,const float)': cannot convert argument 1 from 'const std::vector<EntityID,std::allocator<EntityID>>' to 'const EntityID &'
C:\Users\Skup-PC\Documents\Visual Studio 2022\Projects\DoorsEngine\Core\Render\InitializeGraphics.cpp(336,19): message : Reason: cannot convert from 'const std::vector<EntityID,std::allocator<EntityID>>' to 'const EntityID'
C:\Users\Skup-PC\Documents\Visual Studio 2022\Projects\DoorsEngine\Core\Render\InitializeGraphics.cpp(333,3): message : No user-defined-conversion operator available that can perform this conversion, or the operator cannot be called
C:\Users\Skup-PC\Documents\Visual Studio 2022\Projects\DoorsEngine\ECS\ECS_Entity\EntityManager.h(75,7): message : see declaration of 'EntityManager::AddTransformComponent'
C:\Users\Skup-PC\Documents\Visual Studio 2022\Projects\DoorsEngine\Core\Render\InitializeGraphics.cpp(421,11): error C2664: 'void EntityManager::AddTransformComponent(const EntityID &,const XMFLOAT3 &,const XMVECTOR &,const float)': cannot convert argument 1 from 'const std::vector<EntityID,std::allocator<EntityID>>' to 'const EntityID &'
C:\Users\Skup-PC\Documents\Visual Studio 2022\Projects\DoorsEngine\Core\Render\InitializeGraphics.cpp(425,19): message : Reason: cannot convert from 'const std::vector<EntityID,std::allocator<EntityID>>' to 'const EntityID'
C:\Users\Skup-PC\Documents\Visual Studio 2022\Projects\DoorsEngine\Core\Render\InitializeGraphics.cpp(422,3): message : No user-defined-conversion operator available that can perform this conversion, or the operator cannot be called
C:\Users\Skup-PC\Documents\Visual Studio 2022\Projects\DoorsEngine\ECS\ECS_Entity\EntityManager.h(75,7): message : see declaration of 'EntityManager::AddTransformComponent'
C:\Users\Skup-PC\Documents\Visual Studio 2022\Projects\DoorsEngine\Core\Render\InitializeGraphics.cpp(484,73): error C2664: 'void EntityManager::AddTransformComponent(const EntityID &,const XMFLOAT3 &,const XMVECTOR &,const float)': cannot convert argument 1 from 'const std::vector<EntityID,std::allocator<EntityID>>' to 'const EntityID &'
C:\Users\Skup-PC\Documents\Visual Studio 2022\Projects\DoorsEngine\Core\Render\InitializeGraphics.cpp(484,73): message : Reason: cannot convert from 'const std::vector<EntityID,std::allocator<EntityID>>' to 'const EntityID'
C:\Users\Skup-PC\Documents\Visual Studio 2022\Projects\DoorsEngine\Core\Render\InitializeGraphics.cpp(484,34): message : No user-defined-conversion operator available that can perform this conversion, or the operator cannot be called
C:\Users\Skup-PC\Documents\Visual Studio 2022\Projects\DoorsEngine\ECS\ECS_Entity\EntityManager.h(75,7): message : see declaration of 'EntityManager::AddTransformComponent'
  RenderGraphics.cpp
  graphicsclass.cpp
C:\Users\Skup-PC\Documents\Visual Studio 2022\Projects\DoorsEngine\Core\Render\graphicsclass.cpp(364,31): error C2664: 'void TransformSystem::GetTransformDataOfEntts(const std::vector<EntityID,std::allocator<EntityID>> &,std::vector<ptrdiff_t,std::allocator<ptrdiff_t>> &,std::vector<XMFLOAT3,std::allocator<XMFLOAT3>> &,std::vector<XMVECTOR,std::allocator<XMVECTOR>> &,std::vector<float,std::allocator<float>> &)': cannot convert argument 4 from 'std::vector<XMFLOAT3,std::allocator<XMFLOAT3>>' to 'std::vector<XMVECTOR,std::allocator<XMVECTOR>> &'
C:\Users\Skup-PC\Documents\Visual Studio 2022\Projects\DoorsEngine\ECS\ECS_System\TransformSystem.h(41,7): message : see declaration of 'TransformSystem::GetTransformDataOfEntts'
  ECS_Main_Unit_Test.cpp
  ECS_Test_Components.cpp
C:\Users\Skup-PC\Documents\Visual Studio 2022\Projects\DoorsEngine\Core\Tests\ECS_Tests\Unit\ECS_Test_Components.cpp(110,99): error C2039: 'translations_': is not a member of 'Movement'
C:\Users\Skup-PC\Documents\Visual Studio 2022\Projects\DoorsEngine\ECS\ECS_Components\Movement.h(13): message : see declaration of 'Movement'
C:\Users\Skup-PC\Documents\Visual Studio 2022\Projects\DoorsEngine\Core\Tests\ECS_Tests\Unit\ECS_Test_Components.cpp(110,49): error C2672: 'Utils::ContainerCompare': no matching overloaded function found
C:\Users\Skup-PC\Documents\Visual Studio 2022\Projects\DoorsEngine\Core\Tests\ECS_Tests\Unit\ECS_Test_Components.cpp(110,112): error C2780: 'bool Utils::ContainerCompare(const T &,const T &,Pred)': expects 3 arguments - 1 provided
C:\Users\Skup-PC\Documents\Visual Studio 2022\Projects\DoorsEngine\Core\Tests\ECS_Tests\Unit\UnitTestUtils.h(101): message : see declaration of 'Utils::ContainerCompare'
C:\Users\Skup-PC\Documents\Visual Studio 2022\Projects\DoorsEngine\Core\Tests\ECS_Tests\Unit\ECS_Test_Components.cpp(110,14): error C2737: 'isTranslationsDataCorrect': const object must be initialized
C:\Users\Skup-PC\Documents\Visual Studio 2022\Projects\DoorsEngine\Core\Tests\ECS_Tests\Unit\ECS_Test_Components.cpp(111,49): error C2672: 'Utils::ContainerCompare': no matching overloaded function found
C:\Users\Skup-PC\Documents\Visual Studio 2022\Projects\DoorsEngine\Core\Tests\ECS_Tests\Unit\ECS_Test_Components.cpp(111,109): error C2782: 'bool Utils::ContainerCompare(const T &,const T &,Pred)': template parameter 'T' is ambiguous
C:\Users\Skup-PC\Documents\Visual Studio 2022\Projects\DoorsEngine\Core\Tests\ECS_Tests\Unit\UnitTestUtils.h(101): message : see declaration of 'Utils::ContainerCompare'
C:\Users\Skup-PC\Documents\Visual Studio 2022\Projects\DoorsEngine\Core\Tests\ECS_Tests\Unit\ECS_Test_Components.cpp(111,109): message : could be 'std::vector<XMVECTOR,std::allocator<XMVECTOR>>'
C:\Users\Skup-PC\Documents\Visual Studio 2022\Projects\DoorsEngine\Core\Tests\ECS_Tests\Unit\ECS_Test_Components.cpp(111,109): message : or       'std::vector<XMFLOAT4,std::allocator<XMFLOAT4>>'
C:\Users\Skup-PC\Documents\Visual Studio 2022\Projects\DoorsEngine\Core\Tests\ECS_Tests\Unit\ECS_Test_Components.cpp(111,109): error C2784: 'bool Utils::ContainerCompare(const T &,const T &,Pred)': could not deduce template argument for 'const T &' from 'const std::vector<XMVECTOR,std::allocator<XMVECTOR>>'
C:\Users\Skup-PC\Documents\Visual Studio 2022\Projects\DoorsEngine\Core\Tests\ECS_Tests\Unit\UnitTestUtils.h(101): message : see declaration of 'Utils::ContainerCompare'
C:\Users\Skup-PC\Documents\Visual Studio 2022\Projects\DoorsEngine\Core\Tests\ECS_Tests\Unit\ECS_Test_Components.cpp(111,14): error C2737: 'isRotQuatsDataCorrect': const object must be initialized
C:\Users\Skup-PC\Documents\Visual Studio 2022\Projects\DoorsEngine\Core\Tests\ECS_Tests\Unit\ECS_Test_Components.cpp(112,99): error C2039: 'scaleChanges_': is not a member of 'Movement'
C:\Users\Skup-PC\Documents\Visual Studio 2022\Projects\DoorsEngine\ECS\ECS_Components\Movement.h(13): message : see declaration of 'Movement'
C:\Users\Skup-PC\Documents\Visual Studio 2022\Projects\DoorsEngine\Core\Tests\ECS_Tests\Unit\ECS_Test_Components.cpp(112,49): error C2672: 'Utils::ContainerCompare': no matching overloaded function found
C:\Users\Skup-PC\Documents\Visual Studio 2022\Projects\DoorsEngine\Core\Tests\ECS_Tests\Unit\ECS_Test_Components.cpp(112,112): error C2780: 'bool Utils::ContainerCompare(const T &,const T &,Pred)': expects 3 arguments - 1 provided
C:\Users\Skup-PC\Documents\Visual Studio 2022\Projects\DoorsEngine\Core\Tests\ECS_Tests\Unit\UnitTestUtils.h(101): message : see declaration of 'Utils::ContainerCompare'
C:\Users\Skup-PC\Documents\Visual Studio 2022\Projects\DoorsEngine\Core\Tests\ECS_Tests\Unit\ECS_Test_Components.cpp(112,14): error C2737: 'isScaleChangesDataCorrect': const object must be initialized
C:\Users\Skup-PC\Documents\Visual Studio 2022\Projects\DoorsEngine\Core\Tests\ECS_Tests\Unit\ECS_Test_Components.cpp(271,103): error C2664: 'void EntityManager::AddTransformComponent(const EntityID &,const XMFLOAT3 &,const XMVECTOR &,const float)': cannot convert argument 1 from 'const std::vector<EntityID,std::allocator<EntityID>>' to 'const EntityID &'
C:\Users\Skup-PC\Documents\Visual Studio 2022\Projects\DoorsEngine\Core\Tests\ECS_Tests\Unit\ECS_Test_Components.cpp(271,103): message : Reason: cannot convert from 'const std::vector<EntityID,std::allocator<EntityID>>' to 'const EntityID'
C:\Users\Skup-PC\Documents\Visual Studio 2022\Projects\DoorsEngine\Core\Tests\ECS_Tests\Unit\ECS_Test_Components.cpp(271,34): message : No user-defined-conversion operator available that can perform this conversion, or the operator cannot be called
C:\Users\Skup-PC\Documents\Visual Studio 2022\Projects\DoorsEngine\ECS\ECS_Entity\EntityManager.h(75,7): message : see declaration of 'EntityManager::AddTransformComponent'
C:\Users\Skup-PC\Documents\Visual Studio 2022\Projects\DoorsEngine\Core\Tests\ECS_Tests\Unit\ECS_Test_Components.cpp(305,11): error C2664: 'void EntityManager::AddTransformComponent(const EntityID &,const XMFLOAT3 &,const XMVECTOR &,const float)': cannot convert argument 1 from 'const std::vector<EntityID,std::allocator<EntityID>>' to 'const EntityID &'
C:\Users\Skup-PC\Documents\Visual Studio 2022\Projects\DoorsEngine\Core\Tests\ECS_Tests\Unit\ECS_Test_Components.cpp(309,23): message : Reason: cannot convert from 'const std::vector<EntityID,std::allocator<EntityID>>' to 'const EntityID'
C:\Users\Skup-PC\Documents\Visual Studio 2022\Projects\DoorsEngine\Core\Tests\ECS_Tests\Unit\ECS_Test_Components.cpp(306,3): message : No user-defined-conversion operator available that can perform this conversion, or the operator cannot be called
C:\Users\Skup-PC\Documents\Visual Studio 2022\Projects\DoorsEngine\ECS\ECS_Entity\EntityManager.h(75,7): message : see declaration of 'EntityManager::AddTransformComponent'
C:\Users\Skup-PC\Documents\Visual Studio 2022\Projects\DoorsEngine\Core\Tests\ECS_Tests\Unit\ECS_Test_Components.cpp(312,61): error C2039: 'positions_': is not a member of 'Transform'
C:\Users\Skup-PC\Documents\Visual Studio 2022\Projects\DoorsEngine\ECS\ECS_Components\Transform.h(13): message : see declaration of 'Transform'
C:\Users\Skup-PC\Documents\Visual Studio 2022\Projects\DoorsEngine\Core\Tests\ECS_Tests\Unit\ECS_Test_Components.cpp(312,38): error C2530: 'posArr': references must be initialized
C:\Users\Skup-PC\Documents\Visual Studio 2022\Projects\DoorsEngine\Core\Tests\ECS_Tests\Unit\ECS_Test_Components.cpp(313,70): error C2440: 'initializing': cannot convert from 'std::vector<XMVECTOR,std::allocator<XMVECTOR>>' to 'const std::vector<XMFLOAT3,std::allocator<XMFLOAT3>> &'
C:\Users\Skup-PC\Documents\Visual Studio 2022\Projects\DoorsEngine\Core\Tests\ECS_Tests\Unit\ECS_Test_Components.cpp(313,70): message : Reason: cannot convert from 'std::vector<XMVECTOR,std::allocator<XMVECTOR>>' to 'const std::vector<XMFLOAT3,std::allocator<XMFLOAT3>>'
C:\Users\Skup-PC\Documents\Visual Studio 2022\Projects\DoorsEngine\Core\Tests\ECS_Tests\Unit\ECS_Test_Components.cpp(313,38): message : No user-defined-conversion operator available that can perform this conversion, or the operator cannot be called
C:\Users\Skup-PC\Documents\Visual Studio 2022\Projects\DoorsEngine\Core\Tests\ECS_Tests\Unit\ECS_Test_Components.cpp(314,64): error C2039: 'scales_': is not a member of 'Transform'
C:\Users\Skup-PC\Documents\Visual Studio 2022\Projects\DoorsEngine\ECS\ECS_Components\Transform.h(13): message : see declaration of 'Transform'
C:\Users\Skup-PC\Documents\Visual Studio 2022\Projects\DoorsEngine\Core\Tests\ECS_Tests\Unit\ECS_Test_Components.cpp(314,41): error C2530: 'scalesArr': references must be initialized
  ECS_Test_Entity_Mgr.cpp
C:\Users\Skup-PC\Documents\Visual Studio 2022\Projects\DoorsEngine\Core\Tests\ECS_Tests\Unit\ECS_Test_Entity_Mgr.cpp(55,75): error C2039: 'positions_': is not a member of 'Transform'
C:\Users\Skup-PC\Documents\Visual Studio 2022\Projects\DoorsEngine\ECS\ECS_Components\Transform.h(13): message : see declaration of 'Transform'
C:\Users\Skup-PC\Documents\Visual Studio 2022\Projects\DoorsEngine\Core\Tests\ECS_Tests\Unit\ECS_Test_Entity_Mgr.cpp(55,37): error C2672: 'Utils::ContainerCompare': no matching overloaded function found
C:\Users\Skup-PC\Documents\Visual Studio 2022\Projects\DoorsEngine\Core\Tests\ECS_Tests\Unit\ECS_Test_Entity_Mgr.cpp(55,13): error C2737: 'isPosDataEqual': const object must be initialized
C:\Users\Skup-PC\Documents\Visual Studio 2022\Projects\DoorsEngine\Core\Tests\ECS_Tests\Unit\ECS_Test_Entity_Mgr.cpp(56,37): error C2672: 'Utils::ContainerCompare': no matching overloaded function found
C:\Users\Skup-PC\Documents\Visual Studio 2022\Projects\DoorsEngine\Core\Tests\ECS_Tests\Unit\ECS_Test_Entity_Mgr.cpp(56,106): error C2782: 'bool Utils::ContainerCompare(const T &,const T &,Pred)': template parameter 'T' is ambiguous
C:\Users\Skup-PC\Documents\Visual Studio 2022\Projects\DoorsEngine\Core\Tests\ECS_Tests\Unit\UnitTestUtils.h(101): message : see declaration of 'Utils::ContainerCompare'
C:\Users\Skup-PC\Documents\Visual Studio 2022\Projects\DoorsEngine\Core\Tests\ECS_Tests\Unit\ECS_Test_Entity_Mgr.cpp(56,106): message : could be 'std::vector<XMFLOAT3,std::allocator<XMFLOAT3>>'
C:\Users\Skup-PC\Documents\Visual Studio 2022\Projects\DoorsEngine\Core\Tests\ECS_Tests\Unit\ECS_Test_Entity_Mgr.cpp(56,106): message : or       'std::vector<XMVECTOR,std::allocator<XMVECTOR>>'
C:\Users\Skup-PC\Documents\Visual Studio 2022\Projects\DoorsEngine\Core\Tests\ECS_Tests\Unit\ECS_Test_Entity_Mgr.cpp(56,106): error C2784: 'bool Utils::ContainerCompare(const T &,const T &,Pred)': could not deduce template argument for 'const T &' from 'std::vector<XMFLOAT3,std::allocator<XMFLOAT3>>'
C:\Users\Skup-PC\Documents\Visual Studio 2022\Projects\DoorsEngine\Core\Tests\ECS_Tests\Unit\UnitTestUtils.h(101): message : see declaration of 'Utils::ContainerCompare'
C:\Users\Skup-PC\Documents\Visual Studio 2022\Projects\DoorsEngine\Core\Tests\ECS_Tests\Unit\ECS_Test_Entity_Mgr.cpp(56,13): error C2737: 'isDirDataEqual': const object must be initialized
C:\Users\Skup-PC\Documents\Visual Studio 2022\Projects\DoorsEngine\Core\Tests\ECS_Tests\Unit\ECS_Test_Entity_Mgr.cpp(57,77): error C2039: 'scales_': is not a member of 'Transform'
C:\Users\Skup-PC\Documents\Visual Studio 2022\Projects\DoorsEngine\ECS\ECS_Components\Transform.h(13): message : see declaration of 'Transform'
C:\Users\Skup-PC\Documents\Visual Studio 2022\Projects\DoorsEngine\Core\Tests\ECS_Tests\Unit\ECS_Test_Entity_Mgr.cpp(57,39): error C2672: 'Utils::ContainerCompare': no matching overloaded function found
C:\Users\Skup-PC\Documents\Visual Studio 2022\Projects\DoorsEngine\Core\Tests\ECS_Tests\Unit\ECS_Test_Entity_Mgr.cpp(57,13): error C2737: 'isScaleDataEqual': const object must be initialized
C:\Users\Skup-PC\Documents\Visual Studio 2022\Projects\DoorsEngine\Core\Tests\ECS_Tests\Unit\ECS_Test_Entity_Mgr.cpp(139,107): error C2664: 'void EntityManager::AddTransformComponent(const EntityID &,const XMFLOAT3 &,const XMVECTOR &,const float)': cannot convert argument 1 from 'const std::vector<EntityID,std::allocator<EntityID>>' to 'const EntityID &'
C:\Users\Skup-PC\Documents\Visual Studio 2022\Projects\DoorsEngine\Core\Tests\ECS_Tests\Unit\ECS_Test_Entity_Mgr.cpp(139,107): message : Reason: cannot convert from 'const std::vector<EntityID,std::allocator<EntityID>>' to 'const EntityID'
C:\Users\Skup-PC\Documents\Visual Studio 2022\Projects\DoorsEngine\Core\Tests\ECS_Tests\Unit\ECS_Test_Entity_Mgr.cpp(139,38): message : No user-defined-conversion operator available that can perform this conversion, or the operator cannot be called
C:\Users\Skup-PC\Documents\Visual Studio 2022\Projects\DoorsEngine\ECS\ECS_Entity\EntityManager.h(75,7): message : see declaration of 'EntityManager::AddTransformComponent'
  ECS_Test_Systems.cpp
C:\Users\Skup-PC\Documents\Visual Studio 2022\Projects\DoorsEngine\Core\Tests\ECS_Tests\Unit\ECS_Test_Systems.cpp(64,103): error C2664: 'void EntityManager::AddTransformComponent(const EntityID &,const XMFLOAT3 &,const XMVECTOR &,const float)': cannot convert argument 1 from 'std::vector<EntityID,std::allocator<EntityID>>' to 'const EntityID &'
C:\Users\Skup-PC\Documents\Visual Studio 2022\Projects\DoorsEngine\Core\Tests\ECS_Tests\Unit\ECS_Test_Systems.cpp(64,103): message : Reason: cannot convert from 'std::vector<EntityID,std::allocator<EntityID>>' to 'const EntityID'
C:\Users\Skup-PC\Documents\Visual Studio 2022\Projects\DoorsEngine\Core\Tests\ECS_Tests\Unit\ECS_Test_Systems.cpp(64,34): message : No user-defined-conversion operator available that can perform this conversion, or the operator cannot be called
C:\Users\Skup-PC\Documents\Visual Studio 2022\Projects\DoorsEngine\ECS\ECS_Entity\EntityManager.h(75,7): message : see declaration of 'EntityManager::AddTransformComponent'
C:\Users\Skup-PC\Documents\Visual Studio 2022\Projects\DoorsEngine\Core\Tests\ECS_Tests\Unit\ECS_Test_Systems.cpp(93,66): error C2039: 'positions_': is not a member of 'Transform'
C:\Users\Skup-PC\Documents\Visual Studio 2022\Projects\DoorsEngine\ECS\ECS_Components\Transform.h(13): message : see declaration of 'Transform'
C:\Users\Skup-PC\Documents\Visual Studio 2022\Projects\DoorsEngine\Core\Tests\ECS_Tests\Unit\ECS_Test_Systems.cpp(93,43): error C2530: 'deserialPos': references must be initialized
C:\Users\Skup-PC\Documents\Visual Studio 2022\Projects\DoorsEngine\Core\Tests\ECS_Tests\Unit\ECS_Test_Systems.cpp(94,75): error C2440: 'initializing': cannot convert from 'std::vector<XMVECTOR,std::allocator<XMVECTOR>>' to 'const std::vector<XMFLOAT3,std::allocator<XMFLOAT3>> &'
C:\Users\Skup-PC\Documents\Visual Studio 2022\Projects\DoorsEngine\Core\Tests\ECS_Tests\Unit\ECS_Test_Systems.cpp(94,75): message : Reason: cannot convert from 'std::vector<XMVECTOR,std::allocator<XMVECTOR>>' to 'const std::vector<XMFLOAT3,std::allocator<XMFLOAT3>>'
C:\Users\Skup-PC\Documents\Visual Studio 2022\Projects\DoorsEngine\Core\Tests\ECS_Tests\Unit\ECS_Test_Systems.cpp(94,43): message : No user-defined-conversion operator available that can perform this conversion, or the operator cannot be called
C:\Users\Skup-PC\Documents\Visual Studio 2022\Projects\DoorsEngine\Core\Tests\ECS_Tests\Unit\ECS_Test_Systems.cpp(95,69): error C2039: 'scales_': is not a member of 'Transform'
C:\Users\Skup-PC\Documents\Visual Studio 2022\Projects\DoorsEngine\ECS\ECS_Components\Transform.h(13): message : see declaration of 'Transform'
C:\Users\Skup-PC\Documents\Visual Studio 2022\Projects\DoorsEngine\Core\Tests\ECS_Tests\Unit\ECS_Test_Systems.cpp(95,46): error C2530: 'deserialScales': references must be initialized
C:\Users\Skup-PC\Documents\Visual Studio 2022\Projects\DoorsEngine\Core\Tests\ECS_Tests\Unit\ECS_Test_Systems.cpp(184,74): error C2039: 'translations_': is not a member of 'Movement'
C:\Users\Skup-PC\Documents\Visual Studio 2022\Projects\DoorsEngine\ECS\ECS_Components\Movement.h(13): message : see declaration of 'Movement'
C:\Users\Skup-PC\Documents\Visual Studio 2022\Projects\DoorsEngine\Core\Tests\ECS_Tests\Unit\ECS_Test_Systems.cpp(184,52): error C2530: 'deserialTranslations': references must be initialized
C:\Users\Skup-PC\Documents\Visual Studio 2022\Projects\DoorsEngine\Core\Tests\ECS_Tests\Unit\ECS_Test_Systems.cpp(185,84): error C2440: 'initializing': cannot convert from 'std::vector<XMVECTOR,std::allocator<XMVECTOR>>' to 'const std::vector<XMFLOAT4,std::allocator<XMFLOAT4>> &'
C:\Users\Skup-PC\Documents\Visual Studio 2022\Projects\DoorsEngine\Core\Tests\ECS_Tests\Unit\ECS_Test_Systems.cpp(185,84): message : Reason: cannot convert from 'std::vector<XMVECTOR,std::allocator<XMVECTOR>>' to 'const std::vector<XMFLOAT4,std::allocator<XMFLOAT4>>'
C:\Users\Skup-PC\Documents\Visual Studio 2022\Projects\DoorsEngine\Core\Tests\ECS_Tests\Unit\ECS_Test_Systems.cpp(185,48): message : No user-defined-conversion operator available that can perform this conversion, or the operator cannot be called
C:\Users\Skup-PC\Documents\Visual Studio 2022\Projects\DoorsEngine\Core\Tests\ECS_Tests\Unit\ECS_Test_Systems.cpp(186,74): error C2039: 'scaleChanges_': is not a member of 'Movement'
C:\Users\Skup-PC\Documents\Visual Studio 2022\Projects\DoorsEngine\ECS\ECS_Components\Movement.h(13): message : see declaration of 'Movement'
C:\Users\Skup-PC\Documents\Visual Studio 2022\Projects\DoorsEngine\Core\Tests\ECS_Tests\Unit\ECS_Test_Systems.cpp(186,52): error C2530: 'deserialScaleChanges': references must be initialized
  EntityCreationWindow.cpp
C:\Users\Skup-PC\Documents\Visual Studio 2022\Projects\DoorsEngine\Core\UI\UI_Windows\EntityCreationWindow.cpp(383,14): error C2664: 'void EntityManager::AddTransformComponent(const EntityID &,const XMFLOAT3 &,const XMVECTOR &,const float)': cannot convert argument 3 from 'DirectX::XMFLOAT3' to 'const XMVECTOR &'
C:\Users\Skup-PC\Documents\Visual Studio 2022\Projects\DoorsEngine\Core\UI\UI_Windows\EntityCreationWindow.cpp(387,24): message : Reason: cannot convert from 'DirectX::XMFLOAT3' to 'const XMVECTOR'
C:\Users\Skup-PC\Documents\Visual Studio 2022\Projects\DoorsEngine\Core\UI\UI_Windows\EntityCreationWindow.cpp(386,17): message : No user-defined-conversion operator available that can perform this conversion, or the operator cannot be called
C:\Users\Skup-PC\Documents\Visual Studio 2022\Projects\DoorsEngine\ECS\ECS_Entity\EntityManager.h(75,7): message : see declaration of 'EntityManager::AddTransformComponent'
  UserInterfaceClass.cpp
  main.cpp
  Generating Code...
