C:\Program Files\Microsoft Visual Studio\2022\Enterprise\MSBuild\Microsoft\VC\v170\Microsoft.CppBuild.targets(514,5): warning MSB8028: The intermediate directory (x64\Debug\) contains files shared from another project (DX11Framework.vcxproj).  This can lead to incorrect clean and rebuild behavior.
  compilation code save succeeded; see C:\Users\Skup-PC\Documents\Visual Studio 2022\Projects\DoorsEngine\Core\fontPS_d.fxo
  compilation object save succeeded; see C:\Users\Skup-PC\Documents\Visual Studio 2022\Projects\DoorsEngine\x64\Debug\fontPS.cso
  compilation code save succeeded; see C:\Users\Skup-PC\Documents\Visual Studio 2022\Projects\DoorsEngine\Core\fontVS_d.fxo
  compilation object save succeeded; see C:\Users\Skup-PC\Documents\Visual Studio 2022\Projects\DoorsEngine\x64\Debug\fontVS.cso
  compilation code save succeeded; see C:\Users\Skup-PC\Documents\Visual Studio 2022\Projects\DoorsEngine\Core\alphaMapPixel_d.fxo
  compilation object save succeeded; see C:\Users\Skup-PC\Documents\Visual Studio 2022\Projects\DoorsEngine\x64\Debug\alphaMapPixel.cso
  compilation code save succeeded; see C:\Users\Skup-PC\Documents\Visual Studio 2022\Projects\DoorsEngine\Core\bumpMapPixel_d.fxo
  compilation object save succeeded; see C:\Users\Skup-PC\Documents\Visual Studio 2022\Projects\DoorsEngine\x64\Debug\bumpMapPixel.cso
  compilation code save succeeded; see C:\Users\Skup-PC\Documents\Visual Studio 2022\Projects\DoorsEngine\Core\bumpMapVertex_d.fxo
  compilation object save succeeded; see C:\Users\Skup-PC\Documents\Visual Studio 2022\Projects\DoorsEngine\x64\Debug\bumpMapVertex.cso
  compilation object save succeeded; see C:\Users\Skup-PC\Documents\Visual Studio 2022\Projects\DoorsEngine\x64\Debug\colorPS.cso
  compilation object save succeeded; see C:\Users\Skup-PC\Documents\Visual Studio 2022\Projects\DoorsEngine\x64\Debug\colorVS.cso
  compilation object save succeeded; see C:\Users\Skup-PC\Documents\Visual Studio 2022\Projects\DoorsEngine\x64\Debug\depthPixel.cso
FXC : warning X4717: Effects deprecated for D3DCompiler_47
  
  compilation code save succeeded; see C:\Users\Skup-PC\Documents\Visual Studio 2022\Projects\DoorsEngine\Core\LightPS_d.fxo
  compilation object save succeeded; see C:\Users\Skup-PC\Documents\Visual Studio 2022\Projects\DoorsEngine\x64\Debug\LightPS.cso
FXC : warning X4717: Effects deprecated for D3DCompiler_47
  
  compilation object save succeeded; see C:\Users\Skup-PC\Documents\Visual Studio 2022\Projects\DoorsEngine\x64\Debug\LightHelper.cso
  compilation object save succeeded; see C:\Users\Skup-PC\Documents\Visual Studio 2022\Projects\DoorsEngine\x64\Debug\lightMapPixel.cso
  compilation object save succeeded; see C:\Users\Skup-PC\Documents\Visual Studio 2022\Projects\DoorsEngine\x64\Debug\lightMapVertex.cso
  compilation object save succeeded; see C:\Users\Skup-PC\Documents\Visual Studio 2022\Projects\DoorsEngine\x64\Debug\reflectionPS.cso
  compilation object save succeeded; see C:\Users\Skup-PC\Documents\Visual Studio 2022\Projects\DoorsEngine\x64\Debug\reflectionVS.cso
  compilation object save succeeded; see C:\Users\Skup-PC\Documents\Visual Studio 2022\Projects\DoorsEngine\x64\Debug\skyDomePixel.cso
  compilation object save succeeded; see C:\Users\Skup-PC\Documents\Visual Studio 2022\Projects\DoorsEngine\x64\Debug\skyDomeVertex.cso
  compilation object save succeeded; see C:\Users\Skup-PC\Documents\Visual Studio 2022\Projects\DoorsEngine\x64\Debug\skyPlanePixel.cso
  compilation object save succeeded; see C:\Users\Skup-PC\Documents\Visual Studio 2022\Projects\DoorsEngine\x64\Debug\skyPlaneVertex.cso
  compilation object save succeeded; see C:\Users\Skup-PC\Documents\Visual Studio 2022\Projects\DoorsEngine\x64\Debug\specularLightPixel.cso
  compilation object save succeeded; see C:\Users\Skup-PC\Documents\Visual Studio 2022\Projects\DoorsEngine\x64\Debug\specularLightVertex.cso
  compilation object save succeeded; see C:\Users\Skup-PC\Documents\Visual Studio 2022\Projects\DoorsEngine\x64\Debug\multiTexturePixel.cso
  compilation object save succeeded; see C:\Users\Skup-PC\Documents\Visual Studio 2022\Projects\DoorsEngine\x64\Debug\multiTextureVertex.cso
  compilation object save succeeded; see C:\Users\Skup-PC\Documents\Visual Studio 2022\Projects\DoorsEngine\x64\Debug\spritePS.cso
  compilation object save succeeded; see C:\Users\Skup-PC\Documents\Visual Studio 2022\Projects\DoorsEngine\x64\Debug\spriteVS.cso
  compilation object save succeeded; see C:\Users\Skup-PC\Documents\Visual Studio 2022\Projects\DoorsEngine\x64\Debug\terrainPixel.cso
C:\Users\Skup-PC\Documents\Visual Studio 2022\Projects\DoorsEngine\Core\shaders\terrainVertex.hlsl(165,2): warning X4000: use of potentially uninitialized variable (output)
  
  compilation object save succeeded; see C:\Users\Skup-PC\Documents\Visual Studio 2022\Projects\DoorsEngine\x64\Debug\terrainVertex.cso
  compilation code save succeeded; see C:\Users\Skup-PC\Documents\Visual Studio 2022\Projects\DoorsEngine\Core\LightVS_d.fxo
  compilation object save succeeded; see C:\Users\Skup-PC\Documents\Visual Studio 2022\Projects\DoorsEngine\x64\Debug\LightVS.cso
  animation2dmoving.cpp
  SpriteClass.cpp
  TextureAtlasAnimation.cpp
  cameraclass.cpp
  character2d.cpp
  EditorCamera.cpp
  MathHelper.cpp
  MeshSystem.cpp
c1xx : fatal error C1083: Cannot open source file: 'ECS_System\MeshSystem.cpp': No such file or directory
  MoveSystem.cpp
c1xx : fatal error C1083: Cannot open source file: 'ECS_System\MoveSystem.cpp': No such file or directory
  RenderSystem.cpp
c1xx : fatal error C1083: Cannot open source file: 'ECS_System\RenderSystem.cpp': No such file or directory
  TransformSystem.cpp
c1xx : fatal error C1083: Cannot open source file: 'ECS_System\TransformSystem.cpp': No such file or directory
  AdapterReader.cpp
  EngineException.cpp
  StringHelper.cpp
  UtilsForDLL.cpp
  EntityManager.cpp
c1xx : fatal error C1083: Cannot open source file: 'ECS_Entity\EntityManager.cpp': No such file or directory
  ChunkHelper.cpp
  GeometryGenerator.cpp
  MeshStorage.cpp
