c:\users\skup-pc\documents\visual studio 2022\projects\dx11framework\dx11framework\x64\debug\vc143.pdb
c:\users\skup-pc\documents\visual studio 2022\projects\dx11framework\dx11framework\x64\debug\vc143.idb
c:\users\skup-pc\documents\visual studio 2022\projects\dx11framework\dx11framework\x64\debug\modelscreator.obj
c:\users\skup-pc\documents\visual studio 2022\projects\dx11framework\dx11framework\x64\debug\meshstorage.obj
c:\users\skup-pc\documents\visual studio 2022\projects\dx11framework\dx11framework\x64\debug\geometrygenerator.obj
c:\users\skup-pc\documents\visual studio 2022\projects\dx11framework\dx11framework\x64\debug\chunkhelper.obj
c:\users\skup-pc\documents\visual studio 2022\projects\dx11framework\dx11framework\x64\debug\entitymanager.obj
c:\users\skup-pc\documents\visual studio 2022\projects\dx11framework\dx11framework\x64\debug\utilsfordll.obj
c:\users\skup-pc\documents\visual studio 2022\projects\dx11framework\dx11framework\x64\debug\stringhelper.obj
c:\users\skup-pc\documents\visual studio 2022\projects\dx11framework\dx11framework\x64\debug\engineexception.obj
c:\users\skup-pc\documents\visual studio 2022\projects\dx11framework\dx11framework\x64\debug\adapterreader.obj
c:\users\skup-pc\documents\visual studio 2022\projects\dx11framework\dx11framework\x64\debug\transformsystem.obj
c:\users\skup-pc\documents\visual studio 2022\projects\dx11framework\dx11framework\x64\debug\rendersystem.obj
c:\users\skup-pc\documents\visual studio 2022\projects\dx11framework\dx11framework\x64\debug\movesystem.obj
c:\users\skup-pc\documents\visual studio 2022\projects\dx11framework\dx11framework\x64\debug\meshsystem.obj
c:\users\skup-pc\documents\visual studio 2022\projects\dx11framework\dx11framework\x64\debug\mathhelper.obj
c:\users\skup-pc\documents\visual studio 2022\projects\dx11framework\dx11framework\x64\debug\editorcamera.obj
c:\users\skup-pc\documents\visual studio 2022\projects\dx11framework\dx11framework\x64\debug\character2d.obj
c:\users\skup-pc\documents\visual studio 2022\projects\dx11framework\dx11framework\x64\debug\cameraclass.obj
c:\users\skup-pc\documents\visual studio 2022\projects\dx11framework\dx11framework\x64\debug\textureatlasanimation.obj
c:\users\skup-pc\documents\visual studio 2022\projects\dx11framework\dx11framework\x64\debug\spriteclass.obj
c:\users\skup-pc\documents\visual studio 2022\projects\dx11framework\dx11framework\x64\debug\animation2dmoving.obj
c:\users\skup-pc\documents\visual studio 2022\projects\dx11framework\dx11framework\x64\debug\entitystore.obj
c:\users\skup-pc\documents\visual studio 2022\projects\dx11framework\dx11framework\x64\debug\indexbuffer.obj
c:\users\skup-pc\documents\visual studio 2022\projects\dx11framework\dx11framework\x64\debug\gameobject.obj
c:\users\skup-pc\documents\visual studio 2022\projects\dx11framework\dx11framework\x64\debug\imgui_stdlib.obj
c:\users\skup-pc\documents\visual studio 2022\projects\dx11framework\dx11framework\x64\debug\imgui_widgets.obj
c:\users\skup-pc\documents\visual studio 2022\projects\dx11framework\dx11framework\x64\debug\imgui_tables.obj
c:\users\skup-pc\documents\visual studio 2022\projects\dx11framework\dx11framework\x64\debug\imgui_draw.obj
c:\users\skup-pc\documents\visual studio 2022\projects\dx11framework\dx11framework\x64\debug\imgui_demo.obj
c:\users\skup-pc\documents\visual studio 2022\projects\dx11framework\dx11framework\x64\debug\imgui.obj
c:\users\skup-pc\documents\visual studio 2022\projects\dx11framework\dx11framework\x64\debug\imgui_impl_win32.obj
c:\users\skup-pc\documents\visual studio 2022\projects\dx11framework\dx11framework\x64\debug\imgui_impl_dx11.obj
c:\users\skup-pc\documents\visual studio 2022\projects\dx11framework\dx11framework\x64\debug\wictextureloader11.obj
c:\users\skup-pc\documents\visual studio 2022\projects\dx11framework\dx11framework\x64\debug\targa_imagereader.obj
c:\users\skup-pc\documents\visual studio 2022\projects\dx11framework\dx11framework\x64\debug\png_imagereader.obj
c:\users\skup-pc\documents\visual studio 2022\projects\dx11framework\dx11framework\x64\debug\imagereader.obj
c:\users\skup-pc\documents\visual studio 2022\projects\dx11framework\dx11framework\x64\debug\dds_imagereader.obj
c:\users\skup-pc\documents\visual studio 2022\projects\dx11framework\dx11framework\x64\debug\ddstextureloader11.obj
c:\users\skup-pc\documents\visual studio 2022\projects\dx11framework\dx11framework\x64\debug\bmp_image.obj
c:\users\skup-pc\documents\visual studio 2022\projects\dx11framework\dx11framework\x64\debug\waves.obj
c:\users\skup-pc\documents\visual studio 2022\projects\dx11framework\dx11framework\x64\debug\vertex.obj
c:\users\skup-pc\documents\visual studio 2022\projects\dx11framework\dx11framework\x64\debug\zoneclass.obj
c:\users\skup-pc\documents\visual studio 2022\projects\dx11framework\dx11framework\x64\debug\rendertotextureclass.obj
c:\users\skup-pc\documents\visual studio 2022\projects\dx11framework\dx11framework\x64\debug\rendergraphics.obj
c:\users\skup-pc\documents\visual studio 2022\projects\dx11framework\dx11framework\x64\debug\settings.obj
c:\users\skup-pc\documents\visual studio 2022\projects\dx11framework\dx11framework\x64\debug\textureclass.obj
c:\users\skup-pc\documents\visual studio 2022\projects\dx11framework\dx11framework\x64\debug\keyboardevent.obj
c:\users\skup-pc\documents\visual studio 2022\projects\dx11framework\dx11framework\x64\debug\keyboardclass.obj
c:\users\skup-pc\documents\visual studio 2022\projects\dx11framework\dx11framework\x64\debug\initializegraphics.obj
c:\users\skup-pc\documents\visual studio 2022\projects\dx11framework\dx11framework\x64\debug\color.obj
c:\users\skup-pc\documents\visual studio 2022\projects\dx11framework\dx11framework\x64\debug\intersectionwithgameobjects.obj
c:\users\skup-pc\documents\visual studio 2022\projects\dx11framework\dx11framework\x64\debug\texturemanagerclass.obj
c:\users\skup-pc\documents\visual studio 2022\projects\dx11framework\dx11framework\x64\debug\terraininitializer.obj
c:\users\skup-pc\documents\visual studio 2022\projects\dx11framework\dx11framework\x64\debug\terrainclass.obj
c:\users\skup-pc\documents\visual studio 2022\projects\dx11framework\dx11framework\x64\debug\terraincelllineboxclass.obj
c:\users\skup-pc\documents\visual studio 2022\projects\dx11framework\dx11framework\x64\debug\terraincellclass.obj
c:\users\skup-pc\documents\visual studio 2022\projects\dx11framework\dx11framework\x64\debug\skyplaneclass.obj
c:\users\skup-pc\documents\visual studio 2022\projects\dx11framework\dx11framework\x64\debug\skydomeclass.obj
c:\users\skup-pc\documents\visual studio 2022\projects\dx11framework\dx11framework\x64\debug\plane.obj
c:\users\skup-pc\documents\visual studio 2022\projects\dx11framework\dx11framework\x64\debug\modelmath.obj
c:\users\skup-pc\documents\visual studio 2022\projects\dx11framework\dx11framework\x64\debug\modelloader.obj
c:\users\skup-pc\documents\visual studio 2022\projects\dx11framework\dx11framework\x64\debug\fontshaderclass.obj
c:\users\skup-pc\documents\visual studio 2022\projects\dx11framework\dx11framework\x64\debug\fontclass.obj
c:\users\skup-pc\documents\visual studio 2022\projects\dx11framework\dx11framework\x64\debug\engine.obj
c:\users\skup-pc\documents\visual studio 2022\projects\dx11framework\dx11framework\x64\debug\timer.obj
c:\users\skup-pc\documents\visual studio 2022\projects\dx11framework\dx11framework\x64\debug\cpuclass.obj
c:\users\skup-pc\documents\visual studio 2022\projects\dx11framework\dx11framework\x64\debug\unittestutils.obj
c:\users\skup-pc\documents\visual studio 2022\projects\dx11framework\dx11framework\x64\debug\ecs_main_unit_test.obj
c:\users\skup-pc\documents\visual studio 2022\projects\dx11framework\dx11framework\x64\debug\ecs_test_components.obj
c:\users\skup-pc\documents\visual studio 2022\projects\dx11framework\dx11framework\x64\debug\soundclass.obj
c:\users\skup-pc\documents\visual studio 2022\projects\dx11framework\dx11framework\x64\debug\terrainshaderclass.obj
c:\users\skup-pc\documents\visual studio 2022\projects\dx11framework\dx11framework\x64\debug\spriteshaderclass.obj
c:\users\skup-pc\documents\visual studio 2022\projects\dx11framework\dx11framework\x64\debug\skyplaneshaderclass.obj
c:\users\skup-pc\documents\visual studio 2022\projects\dx11framework\dx11framework\x64\debug\skydomeshaderclass.obj
c:\users\skup-pc\documents\visual studio 2022\projects\dx11framework\dx11framework\x64\debug\systemstate.obj
c:\users\skup-pc\documents\visual studio 2022\projects\dx11framework\dx11framework\x64\debug\colorshaderclass.obj
c:\users\skup-pc\documents\visual studio 2022\projects\dx11framework\dx11framework\x64\debug\lightstore.obj
c:\users\skup-pc\documents\visual studio 2022\projects\dx11framework\dx11framework\x64\debug\d3dclass.obj
c:\users\skup-pc\documents\visual studio 2022\projects\dx11framework\dx11framework\x64\debug\pixelshader.obj
c:\users\skup-pc\documents\visual studio 2022\projects\dx11framework\dx11framework\x64\debug\samplerstate.obj
c:\users\skup-pc\documents\visual studio 2022\projects\dx11framework\dx11framework\x64\debug\lightshaderclass.obj
c:\users\skup-pc\documents\visual studio 2022\projects\dx11framework\dx11framework\x64\debug\windowcontainer.obj
c:\users\skup-pc\documents\visual studio 2022\projects\dx11framework\dx11framework\x64\debug\window.obj
c:\users\skup-pc\documents\visual studio 2022\projects\dx11framework\dx11framework\x64\debug\gametimer.obj
c:\users\skup-pc\documents\visual studio 2022\projects\dx11framework\dx11framework\x64\debug\textureshaderclass.obj
c:\users\skup-pc\documents\visual studio 2022\projects\dx11framework\dx11framework\x64\debug\textstore.obj
c:\users\skup-pc\documents\visual studio 2022\projects\dx11framework\dx11framework\x64\debug\shaderclass.obj
c:\users\skup-pc\documents\visual studio 2022\projects\dx11framework\dx11framework\x64\debug\renderwindow.obj
c:\users\skup-pc\documents\visual studio 2022\projects\dx11framework\dx11framework\x64\debug\userinterfaceclass.obj
c:\users\skup-pc\documents\visual studio 2022\projects\dx11framework\dx11framework\x64\debug\entitycreationwindow.obj
c:\users\skup-pc\documents\visual studio 2022\projects\dx11framework\dx11framework\x64\debug\vertexshader.obj
c:\users\skup-pc\documents\visual studio 2022\projects\dx11framework\dx11framework\x64\debug\mouseevent.obj
c:\users\skup-pc\documents\visual studio 2022\projects\dx11framework\dx11framework\x64\debug\mouseclass.obj
c:\users\skup-pc\documents\visual studio 2022\projects\dx11framework\dx11framework\x64\debug\main.obj
c:\users\skup-pc\documents\visual studio 2022\projects\dx11framework\dx11framework\x64\debug\log.obj
c:\users\skup-pc\documents\visual studio 2022\projects\dx11framework\dx11framework\x64\debug\inputmanager.obj
c:\users\skup-pc\documents\visual studio 2022\projects\dx11framework\dx11framework\x64\debug\inputclass.obj
c:\users\skup-pc\documents\visual studio 2022\projects\dx11framework\dx11framework\x64\debug\graphicsclass.obj
c:\users\skup-pc\documents\visual studio 2022\projects\dx11framework\dx11framework\x64\debug\frustumclass.obj
c:\users\skup-pc\documents\visual studio 2022\projects\dx11framework\dx11framework\fontps_d.fxo
c:\users\skup-pc\documents\visual studio 2022\projects\dx11framework\x64\debug\fontps.cso
c:\users\skup-pc\documents\visual studio 2022\projects\dx11framework\dx11framework\fontvs_d.fxo
c:\users\skup-pc\documents\visual studio 2022\projects\dx11framework\x64\debug\fontvs.cso
c:\users\skup-pc\documents\visual studio 2022\projects\dx11framework\dx11framework\alphamappixel_d.fxo
c:\users\skup-pc\documents\visual studio 2022\projects\dx11framework\x64\debug\alphamappixel.cso
c:\users\skup-pc\documents\visual studio 2022\projects\dx11framework\dx11framework\bumpmappixel_d.fxo
c:\users\skup-pc\documents\visual studio 2022\projects\dx11framework\x64\debug\bumpmappixel.cso
c:\users\skup-pc\documents\visual studio 2022\projects\dx11framework\dx11framework\bumpmapvertex_d.fxo
c:\users\skup-pc\documents\visual studio 2022\projects\dx11framework\x64\debug\bumpmapvertex.cso
c:\users\skup-pc\documents\visual studio 2022\projects\dx11framework\x64\debug\colorps.cso
c:\users\skup-pc\documents\visual studio 2022\projects\dx11framework\x64\debug\colorvs.cso
c:\users\skup-pc\documents\visual studio 2022\projects\dx11framework\x64\debug\depthpixel.cso
c:\users\skup-pc\documents\visual studio 2022\projects\dx11framework\dx11framework\lightps_d.fxo
c:\users\skup-pc\documents\visual studio 2022\projects\dx11framework\x64\debug\lightps.cso
c:\users\skup-pc\documents\visual studio 2022\projects\dx11framework\x64\debug\lighthelper.cso
c:\users\skup-pc\documents\visual studio 2022\projects\dx11framework\x64\debug\lightmappixel.cso
c:\users\skup-pc\documents\visual studio 2022\projects\dx11framework\x64\debug\lightmapvertex.cso
c:\users\skup-pc\documents\visual studio 2022\projects\dx11framework\x64\debug\reflectionps.cso
c:\users\skup-pc\documents\visual studio 2022\projects\dx11framework\x64\debug\reflectionvs.cso
c:\users\skup-pc\documents\visual studio 2022\projects\dx11framework\x64\debug\skydomepixel.cso
c:\users\skup-pc\documents\visual studio 2022\projects\dx11framework\x64\debug\skydomevertex.cso
c:\users\skup-pc\documents\visual studio 2022\projects\dx11framework\x64\debug\skyplanepixel.cso
c:\users\skup-pc\documents\visual studio 2022\projects\dx11framework\x64\debug\skyplanevertex.cso
c:\users\skup-pc\documents\visual studio 2022\projects\dx11framework\x64\debug\specularlightpixel.cso
c:\users\skup-pc\documents\visual studio 2022\projects\dx11framework\x64\debug\specularlightvertex.cso
c:\users\skup-pc\documents\visual studio 2022\projects\dx11framework\x64\debug\multitexturepixel.cso
c:\users\skup-pc\documents\visual studio 2022\projects\dx11framework\x64\debug\multitexturevertex.cso
c:\users\skup-pc\documents\visual studio 2022\projects\dx11framework\x64\debug\spriteps.cso
c:\users\skup-pc\documents\visual studio 2022\projects\dx11framework\x64\debug\spritevs.cso
c:\users\skup-pc\documents\visual studio 2022\projects\dx11framework\x64\debug\terrainpixel.cso
c:\users\skup-pc\documents\visual studio 2022\projects\dx11framework\x64\debug\terrainvertex.cso
c:\users\skup-pc\documents\visual studio 2022\projects\dx11framework\dx11framework\lightvs_d.fxo
c:\users\skup-pc\documents\visual studio 2022\projects\dx11framework\x64\debug\lightvs.cso
c:\users\skup-pc\documents\visual studio 2022\projects\dx11framework\x64\debug\dx11framework.exe
c:\users\skup-pc\documents\visual studio 2022\projects\dx11framework\dx11framework\x64\debug\dx11framework.ilk
c:\users\skup-pc\documents\visual studio 2022\projects\dx11framework\x64\debug\dx11framework.pdb
c:\users\skup-pc\documents\visual studio 2022\projects\dx11framework\dx11framework\x64\debug\dx11framework.tlog\cl.command.1.tlog
c:\users\skup-pc\documents\visual studio 2022\projects\dx11framework\dx11framework\x64\debug\dx11framework.tlog\cl.read.1.tlog
c:\users\skup-pc\documents\visual studio 2022\projects\dx11framework\dx11framework\x64\debug\dx11framework.tlog\cl.write.1.tlog
c:\users\skup-pc\documents\visual studio 2022\projects\dx11framework\dx11framework\x64\debug\dx11framework.tlog\fxc.command.1.tlog
c:\users\skup-pc\documents\visual studio 2022\projects\dx11framework\dx11framework\x64\debug\dx11framework.tlog\fxc.read.1.tlog
c:\users\skup-pc\documents\visual studio 2022\projects\dx11framework\dx11framework\x64\debug\dx11framework.tlog\fxc.write.1.tlog
c:\users\skup-pc\documents\visual studio 2022\projects\dx11framework\dx11framework\x64\debug\dx11framework.tlog\link-cvtres.read.1.tlog
c:\users\skup-pc\documents\visual studio 2022\projects\dx11framework\dx11framework\x64\debug\dx11framework.tlog\link-cvtres.write.1.tlog
c:\users\skup-pc\documents\visual studio 2022\projects\dx11framework\dx11framework\x64\debug\dx11framework.tlog\link-rc.read.1.tlog
c:\users\skup-pc\documents\visual studio 2022\projects\dx11framework\dx11framework\x64\debug\dx11framework.tlog\link-rc.write.1.tlog
c:\users\skup-pc\documents\visual studio 2022\projects\dx11framework\dx11framework\x64\debug\dx11framework.tlog\link.29632-cvtres.read.1.tlog
c:\users\skup-pc\documents\visual studio 2022\projects\dx11framework\dx11framework\x64\debug\dx11framework.tlog\link.29632-cvtres.write.1.tlog
c:\users\skup-pc\documents\visual studio 2022\projects\dx11framework\dx11framework\x64\debug\dx11framework.tlog\link.29632-rc.read.1.tlog
c:\users\skup-pc\documents\visual studio 2022\projects\dx11framework\dx11framework\x64\debug\dx11framework.tlog\link.29632-rc.write.1.tlog
c:\users\skup-pc\documents\visual studio 2022\projects\dx11framework\dx11framework\x64\debug\dx11framework.tlog\link.29632.read.1.tlog
c:\users\skup-pc\documents\visual studio 2022\projects\dx11framework\dx11framework\x64\debug\dx11framework.tlog\link.29632.read.2.tlog
c:\users\skup-pc\documents\visual studio 2022\projects\dx11framework\dx11framework\x64\debug\dx11framework.tlog\link.29632.write.1.tlog
c:\users\skup-pc\documents\visual studio 2022\projects\dx11framework\dx11framework\x64\debug\dx11framework.tlog\link.command.1.tlog
c:\users\skup-pc\documents\visual studio 2022\projects\dx11framework\dx11framework\x64\debug\dx11framework.tlog\link.read.1.tlog
c:\users\skup-pc\documents\visual studio 2022\projects\dx11framework\dx11framework\x64\debug\dx11framework.tlog\link.read.2.tlog
c:\users\skup-pc\documents\visual studio 2022\projects\dx11framework\dx11framework\x64\debug\dx11framework.tlog\link.write.1.tlog
