c:\users\skup-pc\documents\visual studio 2022\projects\doorsengine\lib\x64\debug\render_d.pdb
c:\users\skup-pc\documents\visual studio 2022\projects\doorsengine\lib\x64\debug\render_d.idb
c:\users\skup-pc\documents\visual studio 2022\projects\doorsengine\render\x64\debug\vertexshader.obj
c:\users\skup-pc\documents\visual studio 2022\projects\doorsengine\render\x64\debug\textureshaderclass.obj
c:\users\skup-pc\documents\visual studio 2022\projects\doorsengine\render\x64\debug\shaderclass.obj
c:\users\skup-pc\documents\visual studio 2022\projects\doorsengine\render\x64\debug\samplerstate.obj
c:\users\skup-pc\documents\visual studio 2022\projects\doorsengine\render\x64\debug\pixelshader.obj
c:\users\skup-pc\documents\visual studio 2022\projects\doorsengine\render\x64\debug\lightshaderclass.obj
c:\users\skup-pc\documents\visual studio 2022\projects\doorsengine\render\x64\debug\fontshaderclass.obj
c:\users\skup-pc\documents\visual studio 2022\projects\doorsengine\render\x64\debug\colorshaderclass.obj
c:\users\skup-pc\documents\visual studio 2022\projects\doorsengine\render\x64\debug\render.obj
c:\users\skup-pc\documents\visual studio 2022\projects\doorsengine\render\x64\debug\initrender.obj
c:\users\skup-pc\documents\visual studio 2022\projects\doorsengine\render\x64\debug\stringhelper.obj
c:\users\skup-pc\documents\visual studio 2022\projects\doorsengine\render\x64\debug\mathhelper.obj
c:\users\skup-pc\documents\visual studio 2022\projects\doorsengine\render\x64\debug\log.obj
c:\users\skup-pc\documents\visual studio 2022\projects\doorsengine\render\x64\debug\lib_exception.obj
c:\users\skup-pc\documents\visual studio 2022\projects\doorsengine\lib\x64\debug\colorps.cso
c:\users\skup-pc\documents\visual studio 2022\projects\doorsengine\lib\x64\debug\colorvs.cso
c:\users\skup-pc\documents\visual studio 2022\projects\doorsengine\lib\x64\debug\fontps.cso
c:\users\skup-pc\documents\visual studio 2022\projects\doorsengine\lib\x64\debug\fontvs.cso
c:\users\skup-pc\documents\visual studio 2022\projects\doorsengine\lib\x64\debug\lightvs.cso
c:\users\skup-pc\documents\visual studio 2022\projects\doorsengine\lib\x64\debug\skydomepixel.cso
c:\users\skup-pc\documents\visual studio 2022\projects\doorsengine\lib\x64\debug\skydomevertex.cso
c:\users\skup-pc\documents\visual studio 2022\projects\doorsengine\lib\x64\debug\skyplanepixel.cso
c:\users\skup-pc\documents\visual studio 2022\projects\doorsengine\lib\x64\debug\skyplanevertex.cso
c:\users\skup-pc\documents\visual studio 2022\projects\doorsengine\lib\x64\debug\textureps.cso
c:\users\skup-pc\documents\visual studio 2022\projects\doorsengine\lib\x64\debug\texturevs.cso
c:\users\skup-pc\documents\visual studio 2022\projects\doorsengine\lib\x64\debug\lightps.cso
c:\users\skup-pc\documents\visual studio 2022\projects\doorsengine\lib\x64\debug\render_d.lib
c:\users\skup-pc\documents\visual studio 2022\projects\doorsengine\render\x64\debug\render.tlog\cl.command.1.tlog
c:\users\skup-pc\documents\visual studio 2022\projects\doorsengine\render\x64\debug\render.tlog\cl.read.1.tlog
c:\users\skup-pc\documents\visual studio 2022\projects\doorsengine\render\x64\debug\render.tlog\cl.write.1.tlog
c:\users\skup-pc\documents\visual studio 2022\projects\doorsengine\render\x64\debug\render.tlog\fxc.command.1.tlog
c:\users\skup-pc\documents\visual studio 2022\projects\doorsengine\render\x64\debug\render.tlog\fxc.read.1.tlog
c:\users\skup-pc\documents\visual studio 2022\projects\doorsengine\render\x64\debug\render.tlog\fxc.write.1.tlog
c:\users\skup-pc\documents\visual studio 2022\projects\doorsengine\render\x64\debug\render.tlog\lib-link.read.1.tlog
c:\users\skup-pc\documents\visual studio 2022\projects\doorsengine\render\x64\debug\render.tlog\lib-link.write.1.tlog
c:\users\skup-pc\documents\visual studio 2022\projects\doorsengine\render\x64\debug\render.tlog\lib.command.1.tlog
