c:\users\dima-pc\documents\visual studio 2015\projects\dx11framework\dx11framework\x64\debug\vc140.pdb
c:\users\dima-pc\documents\visual studio 2015\projects\dx11framework\dx11framework\x64\debug\vc140.idb
c:\users\dima-pc\documents\visual studio 2015\projects\dx11framework\dx11framework\x64\debug\cameraclass.obj
c:\users\dima-pc\documents\visual studio 2015\projects\dx11framework\dx11framework\x64\debug\character2d.obj
c:\users\dima-pc\documents\visual studio 2015\projects\dx11framework\dx11framework\x64\debug\colorshaderclass.obj
c:\users\dima-pc\documents\visual studio 2015\projects\dx11framework\dx11framework\x64\debug\d3dclass.obj
c:\users\dima-pc\documents\visual studio 2015\projects\dx11framework\dx11framework\x64\debug\fontclass.obj
c:\users\dima-pc\documents\visual studio 2015\projects\dx11framework\dx11framework\x64\debug\fontshaderclass.obj
c:\users\dima-pc\documents\visual studio 2015\projects\dx11framework\dx11framework\x64\debug\graphicsclass.obj
c:\users\dima-pc\documents\visual studio 2015\projects\dx11framework\dx11framework\x64\debug\inputmanager.obj
c:\users\dima-pc\documents\visual studio 2015\projects\dx11framework\dx11framework\x64\debug\lightclass.obj
c:\users\dima-pc\documents\visual studio 2015\projects\dx11framework\dx11framework\x64\debug\lightshaderclass.obj
c:\users\dima-pc\documents\visual studio 2015\projects\dx11framework\dx11framework\x64\debug\log.obj
c:\users\dima-pc\documents\visual studio 2015\projects\dx11framework\dx11framework\x64\debug\main.obj
c:\users\dima-pc\documents\visual studio 2015\projects\dx11framework\dx11framework\x64\debug\modelclass.obj
c:\users\dima-pc\documents\visual studio 2015\projects\dx11framework\dx11framework\x64\debug\modelconverterclass.obj
c:\users\dima-pc\documents\visual studio 2015\projects\dx11framework\dx11framework\x64\debug\shaderclass.obj
c:\users\dima-pc\documents\visual studio 2015\projects\dx11framework\dx11framework\x64\debug\systemclass.obj
c:\users\dima-pc\documents\visual studio 2015\projects\dx11framework\dx11framework\x64\debug\textclass.obj
c:\users\dima-pc\documents\visual studio 2015\projects\dx11framework\dx11framework\x64\debug\textureclass.obj
c:\users\dima-pc\documents\visual studio 2015\projects\dx11framework\dx11framework\x64\debug\textureshaderclass.obj
c:\users\dima-pc\documents\visual studio 2015\projects\dx11framework\dx11framework\x64\debug\window.obj
c:\users\dima-pc\documents\visual studio 2015\projects\dx11framework\dx11framework\x64\debug\bitmapclass.obj
c:\users\dima-pc\documents\visual studio 2015\projects\dx11framework\dx11framework\x64\debug\inputclass.obj
c:\users\dima-pc\documents\visual studio 2015\projects\dx11framework\dx11framework\x64\debug\animation2dmoving.obj
c:\users\dima-pc\documents\visual studio 2015\projects\dx11framework\dx11framework\x64\debug\cpuclass.obj
c:\users\dima-pc\documents\visual studio 2015\projects\dx11framework\dx11framework\x64\debug\fpsclass.obj
c:\users\dima-pc\documents\visual studio 2015\projects\dx11framework\dx11framework\x64\debug\timerclass.obj
c:\users\dima-pc\documents\visual studio 2015\projects\dx11framework\x64\debug\dx11framework.ilk
c:\users\dima-pc\documents\visual studio 2015\projects\dx11framework\x64\debug\dx11framework.exe
c:\users\dima-pc\documents\visual studio 2015\projects\dx11framework\x64\debug\dx11framework.pdb
c:\users\dima-pc\documents\visual studio 2015\projects\dx11framework\dx11framework\x64\debug\textclass.obj.enc
c:\users\dima-pc\documents\visual studio 2015\projects\dx11framework\dx11framework\x64\debug\dx11framework.tlog\cl.command.1.tlog
c:\users\dima-pc\documents\visual studio 2015\projects\dx11framework\dx11framework\x64\debug\dx11framework.tlog\cl.read.1.tlog
c:\users\dima-pc\documents\visual studio 2015\projects\dx11framework\dx11framework\x64\debug\dx11framework.tlog\cl.write.1.tlog
c:\users\dima-pc\documents\visual studio 2015\projects\dx11framework\dx11framework\x64\debug\dx11framework.tlog\link.command.1.tlog
c:\users\dima-pc\documents\visual studio 2015\projects\dx11framework\dx11framework\x64\debug\dx11framework.tlog\link.read.1.tlog
c:\users\dima-pc\documents\visual studio 2015\projects\dx11framework\dx11framework\x64\debug\dx11framework.tlog\link.write.1.tlog
