C:\Program Files\Microsoft Visual Studio\2022\Enterprise\MSBuild\Microsoft\VC\v170\Microsoft.CppBuild.targets(514,5): warning MSB8028: The intermediate directory (x64\Release\) contains files shared from another project (DX11Framework.vcxproj).  This can lead to incorrect clean and rebuild behavior.
  compilation code save succeeded; see C:\Users\Skup-PC\Documents\Visual Studio 2022\Projects\DoorsEngine\Core\fontPS.fxo
  compilation object save succeeded; see C:\Users\Skup-PC\Documents\Visual Studio 2022\Projects\DoorsEngine\x64\Release\fontPS.cso
  compilation code save succeeded; see C:\Users\Skup-PC\Documents\Visual Studio 2022\Projects\DoorsEngine\Core\fontVS.fxo
  compilation object save succeeded; see C:\Users\Skup-PC\Documents\Visual Studio 2022\Projects\DoorsEngine\x64\Release\fontVS.cso
  compilation code save succeeded; see C:\Users\Skup-PC\Documents\Visual Studio 2022\Projects\DoorsEngine\Core\alphaMapPixel.fxo
  compilation object save succeeded; see C:\Users\Skup-PC\Documents\Visual Studio 2022\Projects\DoorsEngine\x64\Release\alphaMapPixel.cso
  compilation code save succeeded; see C:\Users\Skup-PC\Documents\Visual Studio 2022\Projects\DoorsEngine\Core\bumpMapPixel.fxo
  compilation object save succeeded; see C:\Users\Skup-PC\Documents\Visual Studio 2022\Projects\DoorsEngine\x64\Release\bumpMapPixel.cso
  compilation code save succeeded; see C:\Users\Skup-PC\Documents\Visual Studio 2022\Projects\DoorsEngine\Core\bumpMapVertex.fxo
  compilation object save succeeded; see C:\Users\Skup-PC\Documents\Visual Studio 2022\Projects\DoorsEngine\x64\Release\bumpMapVertex.cso
  compilation object save succeeded; see C:\Users\Skup-PC\Documents\Visual Studio 2022\Projects\DoorsEngine\x64\Release\colorPS.cso
  compilation object save succeeded; see C:\Users\Skup-PC\Documents\Visual Studio 2022\Projects\DoorsEngine\x64\Release\colorVS.cso
  compilation object save succeeded; see C:\Users\Skup-PC\Documents\Visual Studio 2022\Projects\DoorsEngine\x64\Release\depthPixel.cso
  compilation code save succeeded; see C:\Users\Skup-PC\Documents\Visual Studio 2022\Projects\DoorsEngine\Core\LightPS.fxo
  compilation object save succeeded; see C:\Users\Skup-PC\Documents\Visual Studio 2022\Projects\DoorsEngine\x64\Release\LightPS.cso
FXC : warning X4717: Effects deprecated for D3DCompiler_47
  
  compilation object save succeeded; see C:\Users\Skup-PC\Documents\Visual Studio 2022\Projects\DoorsEngine\x64\Release\LightHelper.cso
  compilation object save succeeded; see C:\Users\Skup-PC\Documents\Visual Studio 2022\Projects\DoorsEngine\x64\Release\lightMapPixel.cso
  compilation object save succeeded; see C:\Users\Skup-PC\Documents\Visual Studio 2022\Projects\DoorsEngine\x64\Release\lightMapVertex.cso
  compilation object save succeeded; see C:\Users\Skup-PC\Documents\Visual Studio 2022\Projects\DoorsEngine\x64\Release\reflectionPS.cso
  compilation object save succeeded; see C:\Users\Skup-PC\Documents\Visual Studio 2022\Projects\DoorsEngine\x64\Release\reflectionVS.cso
  compilation object save succeeded; see C:\Users\Skup-PC\Documents\Visual Studio 2022\Projects\DoorsEngine\x64\Release\skyDomePixel.cso
  compilation object save succeeded; see C:\Users\Skup-PC\Documents\Visual Studio 2022\Projects\DoorsEngine\x64\Release\skyDomeVertex.cso
  compilation object save succeeded; see C:\Users\Skup-PC\Documents\Visual Studio 2022\Projects\DoorsEngine\x64\Release\skyPlanePixel.cso
  compilation object save succeeded; see C:\Users\Skup-PC\Documents\Visual Studio 2022\Projects\DoorsEngine\x64\Release\skyPlaneVertex.cso
  compilation object save succeeded; see C:\Users\Skup-PC\Documents\Visual Studio 2022\Projects\DoorsEngine\x64\Release\specularLightPixel.cso
  compilation object save succeeded; see C:\Users\Skup-PC\Documents\Visual Studio 2022\Projects\DoorsEngine\x64\Release\specularLightVertex.cso
  compilation object save succeeded; see C:\Users\Skup-PC\Documents\Visual Studio 2022\Projects\DoorsEngine\x64\Release\multiTexturePixel.cso
  compilation object save succeeded; see C:\Users\Skup-PC\Documents\Visual Studio 2022\Projects\DoorsEngine\x64\Release\multiTextureVertex.cso
  compilation object save succeeded; see C:\Users\Skup-PC\Documents\Visual Studio 2022\Projects\DoorsEngine\x64\Release\spritePS.cso
  compilation object save succeeded; see C:\Users\Skup-PC\Documents\Visual Studio 2022\Projects\DoorsEngine\x64\Release\spriteVS.cso
  compilation object save succeeded; see C:\Users\Skup-PC\Documents\Visual Studio 2022\Projects\DoorsEngine\x64\Release\terrainPixel.cso
  compilation object save succeeded; see C:\Users\Skup-PC\Documents\Visual Studio 2022\Projects\DoorsEngine\x64\Release\terrainVertex.cso
  compilation code save succeeded; see C:\Users\Skup-PC\Documents\Visual Studio 2022\Projects\DoorsEngine\Core\LightVS.fxo
  compilation object save succeeded; see C:\Users\Skup-PC\Documents\Visual Studio 2022\Projects\DoorsEngine\x64\Release\LightVS.cso
  animation2dmoving.cpp
  SpriteClass.cpp
  TextureAtlasAnimation.cpp
  cameraclass.cpp
  character2d.cpp
  EditorCamera.cpp
  MathHelper.cpp
  MeshSystem.cpp
c1xx : fatal error C1083: Cannot open source file: 'ECS_System\MeshSystem.cpp': No such file or directory
  MoveSystem.cpp
c1xx : fatal error C1083: Cannot open source file: 'ECS_System\MoveSystem.cpp': No such file or directory
  RenderSystem.cpp
c1xx : fatal error C1083: Cannot open source file: 'ECS_System\RenderSystem.cpp': No such file or directory
  TransformSystem.cpp
c1xx : fatal error C1083: Cannot open source file: 'ECS_System\TransformSystem.cpp': No such file or directory
  AdapterReader.cpp
  EngineException.cpp
  StringHelper.cpp
  UtilsForDLL.cpp
  EntityManager.cpp
c1xx : fatal error C1083: Cannot open source file: 'ECS_Entity\EntityManager.cpp': No such file or directory
  ChunkHelper.cpp
  GeometryGenerator.cpp
  MeshStorage.cpp
  ModelsCreator.cpp
  Compiling...
  Vertex.cpp
  Waves.cpp
  BMP_Image.cpp
  DDSTextureLoader11.cpp
  DDS_ImageReader.cpp
  ImageReader.cpp
  PNG_ImageReader.cpp
  TARGA_ImageReader.cpp
  WICTextureLoader11.cpp
  imgui_impl_dx11.cpp
  imgui_impl_win32.cpp
  imgui.cpp
  imgui_demo.cpp
  imgui_draw.cpp
  imgui_tables.cpp
  imgui_widgets.cpp
  imgui_stdlib.cpp
  GameObject.cpp
  IndexBuffer.cpp
  EntityStore.cpp
  Compiling...
  ModelLoader.cpp
  ModelMath.cpp
  Plane.cpp
  SkyDomeClass.cpp
  SkyPlaneClass.cpp
  TerrainCellClass.cpp
  TerrainCellLineBoxClass.cpp
  TerrainClass.cpp
  TerrainInitializer.cpp
  TextureManagerClass.cpp
  IntersectionWithGameObjects.cpp
  Color.cpp
  InitializeGraphics.cpp
C:\Users\Skup-PC\Documents\Visual Studio 2022\Projects\DoorsEngine\Core\Render\graphicsclass.h(16,10): fatal error C1083: Cannot open include file: '../ECS_Entity/EntityManager.h': No such file or directory
  KeyboardClass.cpp
  KeyboardEvent.cpp
  textureclass.cpp
  Settings.cpp
  RenderGraphics.cpp
C:\Users\Skup-PC\Documents\Visual Studio 2022\Projects\DoorsEngine\Core\UI\UserInterfaceClass.h(16,10): fatal error C1083: Cannot open include file: '../ECS_Entity/EntityManager.h': No such file or directory
  RenderToTextureClass.cpp
  ZoneClass.cpp
  Compiling...
  LightShaderClass.cpp
  SamplerState.cpp
  PixelShader.cpp
  d3dclass.cpp
  LightStore.cpp
  colorshaderclass.cpp
  SystemState.cpp
  SkyDomeShaderClass.cpp
  SkyPlaneShaderClass.cpp
  SpriteShaderClass.cpp
  TerrainShaderClass.cpp
  SoundClass.cpp
  ECS_Test_Components.cpp
C:\Users\Skup-PC\Documents\Visual Studio 2022\Projects\DoorsEngine\Core\Tests\Unit\ECS\UnitTestUtils.h(10,10): fatal error C1083: Cannot open include file: '../../../ECS_Entity/EntityManager.h': No such file or directory
  ECS_Main_Unit_Test.cpp
C:\Users\Skup-PC\Documents\Visual Studio 2022\Projects\DoorsEngine\Core\Tests\Unit\ECS\ECS_Main_Unit_Test.h(10,10): fatal error C1083: Cannot open include file: '../../../ECS_Entity/EntityManager.h': No such file or directory
  cpuclass.cpp
  timer.cpp
  Engine.cpp
C:\Users\Skup-PC\Documents\Visual Studio 2022\Projects\DoorsEngine\Core\Render\graphicsclass.h(16,10): fatal error C1083: Cannot open include file: 'ECS_Entity/EntityManager.h': No such file or directory
  fontclass.cpp
  fontshaderclass.cpp
  frustumclass.cpp
  Compiling...
  graphicsclass.cpp
C:\Users\Skup-PC\Documents\Visual Studio 2022\Projects\DoorsEngine\Core\Render\graphicsclass.h(16,10): fatal error C1083: Cannot open include file: 'ECS_Entity/EntityManager.h': No such file or directory
  inputclass.cpp
  inputmanager.cpp
  log.cpp
  main.cpp
C:\Users\Skup-PC\Documents\Visual Studio 2022\Projects\DoorsEngine\Core\Render\graphicsclass.h(16,10): fatal error C1083: Cannot open include file: 'ECS_Entity/EntityManager.h': No such file or directory
  MouseClass.cpp
  MouseEvent.cpp
  VertexShader.cpp
  EntityCreationWindow.cpp
C:\Users\Skup-PC\Documents\Visual Studio 2022\Projects\DoorsEngine\Core\UI\UI_Windows\EntityCreationWindow.h(14,10): fatal error C1083: Cannot open include file: '../ECS_Entity/ECS_Types.h': No such file or directory
  UserInterfaceClass.cpp
C:\Users\Skup-PC\Documents\Visual Studio 2022\Projects\DoorsEngine\Core\UI\UserInterfaceClass.h(16,10): fatal error C1083: Cannot open include file: '../ECS_Entity/EntityManager.h': No such file or directory
  RenderWindow.cpp
  shaderclass.cpp
  TextStore.cpp
  textureshaderclass.cpp
  GameTimer.cpp
  window.cpp
  WindowContainer.cpp
