c:\users\skup-pc\documents\visual studio 2022\projects\dx11framework\dx11framework\x64\release\vc143.pdb
c:\users\skup-pc\documents\visual studio 2022\projects\dx11framework\dx11framework\x64\release\modelscreator.obj
c:\users\skup-pc\documents\visual studio 2022\projects\dx11framework\dx11framework\x64\release\meshstorage.obj
c:\users\skup-pc\documents\visual studio 2022\projects\dx11framework\dx11framework\x64\release\geometrygenerator.obj
c:\users\skup-pc\documents\visual studio 2022\projects\dx11framework\dx11framework\x64\release\chunkhelper.obj
c:\users\skup-pc\documents\visual studio 2022\projects\dx11framework\dx11framework\x64\release\entitymanager.obj
c:\users\skup-pc\documents\visual studio 2022\projects\dx11framework\dx11framework\x64\release\utilsfordll.obj
c:\users\skup-pc\documents\visual studio 2022\projects\dx11framework\dx11framework\x64\release\stringhelper.obj
c:\users\skup-pc\documents\visual studio 2022\projects\dx11framework\dx11framework\x64\release\engineexception.obj
c:\users\skup-pc\documents\visual studio 2022\projects\dx11framework\dx11framework\x64\release\adapterreader.obj
c:\users\skup-pc\documents\visual studio 2022\projects\dx11framework\dx11framework\x64\release\transformsystem.obj
c:\users\skup-pc\documents\visual studio 2022\projects\dx11framework\dx11framework\x64\release\rendersystem.obj
c:\users\skup-pc\documents\visual studio 2022\projects\dx11framework\dx11framework\x64\release\movesystem.obj
c:\users\skup-pc\documents\visual studio 2022\projects\dx11framework\dx11framework\x64\release\meshsystem.obj
c:\users\skup-pc\documents\visual studio 2022\projects\dx11framework\dx11framework\x64\release\mathhelper.obj
c:\users\skup-pc\documents\visual studio 2022\projects\dx11framework\dx11framework\x64\release\editorcamera.obj
c:\users\skup-pc\documents\visual studio 2022\projects\dx11framework\dx11framework\x64\release\character2d.obj
c:\users\skup-pc\documents\visual studio 2022\projects\dx11framework\dx11framework\x64\release\cameraclass.obj
c:\users\skup-pc\documents\visual studio 2022\projects\dx11framework\dx11framework\x64\release\textureatlasanimation.obj
c:\users\skup-pc\documents\visual studio 2022\projects\dx11framework\dx11framework\x64\release\spriteclass.obj
c:\users\skup-pc\documents\visual studio 2022\projects\dx11framework\dx11framework\x64\release\animation2dmoving.obj
c:\users\skup-pc\documents\visual studio 2022\projects\dx11framework\dx11framework\x64\release\entitystore.obj
c:\users\skup-pc\documents\visual studio 2022\projects\dx11framework\dx11framework\x64\release\indexbuffer.obj
c:\users\skup-pc\documents\visual studio 2022\projects\dx11framework\dx11framework\x64\release\gameobject.obj
c:\users\skup-pc\documents\visual studio 2022\projects\dx11framework\dx11framework\x64\release\imgui_stdlib.obj
c:\users\skup-pc\documents\visual studio 2022\projects\dx11framework\dx11framework\x64\release\imgui_widgets.obj
c:\users\skup-pc\documents\visual studio 2022\projects\dx11framework\dx11framework\x64\release\imgui_tables.obj
c:\users\skup-pc\documents\visual studio 2022\projects\dx11framework\dx11framework\x64\release\imgui_draw.obj
c:\users\skup-pc\documents\visual studio 2022\projects\dx11framework\dx11framework\x64\release\imgui_demo.obj
c:\users\skup-pc\documents\visual studio 2022\projects\dx11framework\dx11framework\x64\release\imgui.obj
c:\users\skup-pc\documents\visual studio 2022\projects\dx11framework\dx11framework\x64\release\imgui_impl_win32.obj
c:\users\skup-pc\documents\visual studio 2022\projects\dx11framework\dx11framework\x64\release\imgui_impl_dx11.obj
c:\users\skup-pc\documents\visual studio 2022\projects\dx11framework\dx11framework\x64\release\wictextureloader11.obj
c:\users\skup-pc\documents\visual studio 2022\projects\dx11framework\dx11framework\x64\release\targa_imagereader.obj
c:\users\skup-pc\documents\visual studio 2022\projects\dx11framework\dx11framework\x64\release\png_imagereader.obj
c:\users\skup-pc\documents\visual studio 2022\projects\dx11framework\dx11framework\x64\release\imagereader.obj
c:\users\skup-pc\documents\visual studio 2022\projects\dx11framework\dx11framework\x64\release\dds_imagereader.obj
c:\users\skup-pc\documents\visual studio 2022\projects\dx11framework\dx11framework\x64\release\ddstextureloader11.obj
c:\users\skup-pc\documents\visual studio 2022\projects\dx11framework\dx11framework\x64\release\bmp_image.obj
c:\users\skup-pc\documents\visual studio 2022\projects\dx11framework\dx11framework\x64\release\waves.obj
c:\users\skup-pc\documents\visual studio 2022\projects\dx11framework\dx11framework\x64\release\vertex.obj
c:\users\skup-pc\documents\visual studio 2022\projects\dx11framework\dx11framework\x64\release\zoneclass.obj
c:\users\skup-pc\documents\visual studio 2022\projects\dx11framework\dx11framework\x64\release\rendertotextureclass.obj
c:\users\skup-pc\documents\visual studio 2022\projects\dx11framework\dx11framework\x64\release\rendergraphics.obj
c:\users\skup-pc\documents\visual studio 2022\projects\dx11framework\dx11framework\x64\release\settings.obj
c:\users\skup-pc\documents\visual studio 2022\projects\dx11framework\dx11framework\x64\release\textureclass.obj
c:\users\skup-pc\documents\visual studio 2022\projects\dx11framework\dx11framework\x64\release\keyboardevent.obj
c:\users\skup-pc\documents\visual studio 2022\projects\dx11framework\dx11framework\x64\release\keyboardclass.obj
c:\users\skup-pc\documents\visual studio 2022\projects\dx11framework\dx11framework\x64\release\initializegraphics.obj
c:\users\skup-pc\documents\visual studio 2022\projects\dx11framework\dx11framework\x64\release\color.obj
c:\users\skup-pc\documents\visual studio 2022\projects\dx11framework\dx11framework\x64\release\intersectionwithgameobjects.obj
c:\users\skup-pc\documents\visual studio 2022\projects\dx11framework\dx11framework\x64\release\texturemanagerclass.obj
c:\users\skup-pc\documents\visual studio 2022\projects\dx11framework\dx11framework\x64\release\terraininitializer.obj
c:\users\skup-pc\documents\visual studio 2022\projects\dx11framework\dx11framework\x64\release\terrainclass.obj
c:\users\skup-pc\documents\visual studio 2022\projects\dx11framework\dx11framework\x64\release\terraincelllineboxclass.obj
c:\users\skup-pc\documents\visual studio 2022\projects\dx11framework\dx11framework\x64\release\terraincellclass.obj
c:\users\skup-pc\documents\visual studio 2022\projects\dx11framework\dx11framework\x64\release\skyplaneclass.obj
c:\users\skup-pc\documents\visual studio 2022\projects\dx11framework\dx11framework\x64\release\skydomeclass.obj
c:\users\skup-pc\documents\visual studio 2022\projects\dx11framework\dx11framework\x64\release\plane.obj
c:\users\skup-pc\documents\visual studio 2022\projects\dx11framework\dx11framework\x64\release\modelmath.obj
c:\users\skup-pc\documents\visual studio 2022\projects\dx11framework\dx11framework\x64\release\modelloader.obj
c:\users\skup-pc\documents\visual studio 2022\projects\dx11framework\dx11framework\x64\release\fontshaderclass.obj
c:\users\skup-pc\documents\visual studio 2022\projects\dx11framework\dx11framework\x64\release\fontclass.obj
c:\users\skup-pc\documents\visual studio 2022\projects\dx11framework\dx11framework\x64\release\engine.obj
c:\users\skup-pc\documents\visual studio 2022\projects\dx11framework\dx11framework\x64\release\timer.obj
c:\users\skup-pc\documents\visual studio 2022\projects\dx11framework\dx11framework\x64\release\cpuclass.obj
c:\users\skup-pc\documents\visual studio 2022\projects\dx11framework\dx11framework\x64\release\unittestutils.obj
c:\users\skup-pc\documents\visual studio 2022\projects\dx11framework\dx11framework\x64\release\ecs_main_unit_test.obj
c:\users\skup-pc\documents\visual studio 2022\projects\dx11framework\dx11framework\x64\release\ecs_test_components.obj
c:\users\skup-pc\documents\visual studio 2022\projects\dx11framework\dx11framework\x64\release\soundclass.obj
c:\users\skup-pc\documents\visual studio 2022\projects\dx11framework\dx11framework\x64\release\terrainshaderclass.obj
c:\users\skup-pc\documents\visual studio 2022\projects\dx11framework\dx11framework\x64\release\spriteshaderclass.obj
c:\users\skup-pc\documents\visual studio 2022\projects\dx11framework\dx11framework\x64\release\skyplaneshaderclass.obj
c:\users\skup-pc\documents\visual studio 2022\projects\dx11framework\dx11framework\x64\release\skydomeshaderclass.obj
c:\users\skup-pc\documents\visual studio 2022\projects\dx11framework\dx11framework\x64\release\systemstate.obj
c:\users\skup-pc\documents\visual studio 2022\projects\dx11framework\dx11framework\x64\release\colorshaderclass.obj
c:\users\skup-pc\documents\visual studio 2022\projects\dx11framework\dx11framework\x64\release\lightstore.obj
c:\users\skup-pc\documents\visual studio 2022\projects\dx11framework\dx11framework\x64\release\d3dclass.obj
c:\users\skup-pc\documents\visual studio 2022\projects\dx11framework\dx11framework\x64\release\pixelshader.obj
c:\users\skup-pc\documents\visual studio 2022\projects\dx11framework\dx11framework\x64\release\samplerstate.obj
c:\users\skup-pc\documents\visual studio 2022\projects\dx11framework\dx11framework\x64\release\lightshaderclass.obj
c:\users\skup-pc\documents\visual studio 2022\projects\dx11framework\dx11framework\x64\release\windowcontainer.obj
c:\users\skup-pc\documents\visual studio 2022\projects\dx11framework\dx11framework\x64\release\window.obj
c:\users\skup-pc\documents\visual studio 2022\projects\dx11framework\dx11framework\x64\release\gametimer.obj
c:\users\skup-pc\documents\visual studio 2022\projects\dx11framework\dx11framework\x64\release\textureshaderclass.obj
c:\users\skup-pc\documents\visual studio 2022\projects\dx11framework\dx11framework\x64\release\textstore.obj
c:\users\skup-pc\documents\visual studio 2022\projects\dx11framework\dx11framework\x64\release\shaderclass.obj
c:\users\skup-pc\documents\visual studio 2022\projects\dx11framework\dx11framework\x64\release\renderwindow.obj
c:\users\skup-pc\documents\visual studio 2022\projects\dx11framework\dx11framework\x64\release\userinterfaceclass.obj
c:\users\skup-pc\documents\visual studio 2022\projects\dx11framework\dx11framework\x64\release\entitycreationwindow.obj
c:\users\skup-pc\documents\visual studio 2022\projects\dx11framework\dx11framework\x64\release\vertexshader.obj
c:\users\skup-pc\documents\visual studio 2022\projects\dx11framework\dx11framework\x64\release\mouseevent.obj
c:\users\skup-pc\documents\visual studio 2022\projects\dx11framework\dx11framework\x64\release\mouseclass.obj
c:\users\skup-pc\documents\visual studio 2022\projects\dx11framework\dx11framework\x64\release\main.obj
c:\users\skup-pc\documents\visual studio 2022\projects\dx11framework\dx11framework\x64\release\log.obj
c:\users\skup-pc\documents\visual studio 2022\projects\dx11framework\dx11framework\x64\release\inputmanager.obj
c:\users\skup-pc\documents\visual studio 2022\projects\dx11framework\dx11framework\x64\release\inputclass.obj
c:\users\skup-pc\documents\visual studio 2022\projects\dx11framework\dx11framework\x64\release\graphicsclass.obj
c:\users\skup-pc\documents\visual studio 2022\projects\dx11framework\dx11framework\x64\release\frustumclass.obj
c:\users\skup-pc\documents\visual studio 2022\projects\dx11framework\dx11framework\fontps.fxo
c:\users\skup-pc\documents\visual studio 2022\projects\dx11framework\x64\release\fontps.cso
c:\users\skup-pc\documents\visual studio 2022\projects\dx11framework\dx11framework\fontvs.fxo
c:\users\skup-pc\documents\visual studio 2022\projects\dx11framework\x64\release\fontvs.cso
c:\users\skup-pc\documents\visual studio 2022\projects\dx11framework\dx11framework\alphamappixel.fxo
c:\users\skup-pc\documents\visual studio 2022\projects\dx11framework\x64\release\alphamappixel.cso
c:\users\skup-pc\documents\visual studio 2022\projects\dx11framework\dx11framework\bumpmappixel.fxo
c:\users\skup-pc\documents\visual studio 2022\projects\dx11framework\x64\release\bumpmappixel.cso
c:\users\skup-pc\documents\visual studio 2022\projects\dx11framework\dx11framework\bumpmapvertex.fxo
c:\users\skup-pc\documents\visual studio 2022\projects\dx11framework\x64\release\bumpmapvertex.cso
c:\users\skup-pc\documents\visual studio 2022\projects\dx11framework\x64\release\colorps.cso
c:\users\skup-pc\documents\visual studio 2022\projects\dx11framework\x64\release\colorvs.cso
c:\users\skup-pc\documents\visual studio 2022\projects\dx11framework\x64\release\depthpixel.cso
c:\users\skup-pc\documents\visual studio 2022\projects\dx11framework\dx11framework\lightps.fxo
c:\users\skup-pc\documents\visual studio 2022\projects\dx11framework\x64\release\lightps.cso
c:\users\skup-pc\documents\visual studio 2022\projects\dx11framework\x64\release\lighthelper.cso
c:\users\skup-pc\documents\visual studio 2022\projects\dx11framework\x64\release\lightmappixel.cso
c:\users\skup-pc\documents\visual studio 2022\projects\dx11framework\x64\release\lightmapvertex.cso
c:\users\skup-pc\documents\visual studio 2022\projects\dx11framework\x64\release\reflectionps.cso
c:\users\skup-pc\documents\visual studio 2022\projects\dx11framework\x64\release\reflectionvs.cso
c:\users\skup-pc\documents\visual studio 2022\projects\dx11framework\x64\release\skydomepixel.cso
c:\users\skup-pc\documents\visual studio 2022\projects\dx11framework\x64\release\skydomevertex.cso
c:\users\skup-pc\documents\visual studio 2022\projects\dx11framework\x64\release\skyplanepixel.cso
c:\users\skup-pc\documents\visual studio 2022\projects\dx11framework\x64\release\skyplanevertex.cso
c:\users\skup-pc\documents\visual studio 2022\projects\dx11framework\x64\release\specularlightpixel.cso
c:\users\skup-pc\documents\visual studio 2022\projects\dx11framework\x64\release\specularlightvertex.cso
c:\users\skup-pc\documents\visual studio 2022\projects\dx11framework\x64\release\multitexturepixel.cso
c:\users\skup-pc\documents\visual studio 2022\projects\dx11framework\x64\release\multitexturevertex.cso
c:\users\skup-pc\documents\visual studio 2022\projects\dx11framework\x64\release\spriteps.cso
c:\users\skup-pc\documents\visual studio 2022\projects\dx11framework\x64\release\spritevs.cso
c:\users\skup-pc\documents\visual studio 2022\projects\dx11framework\x64\release\terrainpixel.cso
c:\users\skup-pc\documents\visual studio 2022\projects\dx11framework\x64\release\terrainvertex.cso
c:\users\skup-pc\documents\visual studio 2022\projects\dx11framework\dx11framework\lightvs.fxo
c:\users\skup-pc\documents\visual studio 2022\projects\dx11framework\x64\release\lightvs.cso
c:\users\skup-pc\documents\visual studio 2022\projects\dx11framework\x64\release\dx11framework.exe
c:\users\skup-pc\documents\visual studio 2022\projects\dx11framework\dx11framework\x64\release\dx11framework.ipdb
c:\users\skup-pc\documents\visual studio 2022\projects\dx11framework\x64\release\dx11framework.pdb
c:\users\skup-pc\documents\visual studio 2022\projects\dx11framework\dx11framework\x64\release\dx11framework.iobj
c:\users\skup-pc\documents\visual studio 2022\projects\dx11framework\dx11framework\x64\release\dx11framework.tlog\cl.command.1.tlog
c:\users\skup-pc\documents\visual studio 2022\projects\dx11framework\dx11framework\x64\release\dx11framework.tlog\cl.read.1.tlog
c:\users\skup-pc\documents\visual studio 2022\projects\dx11framework\dx11framework\x64\release\dx11framework.tlog\cl.write.1.tlog
c:\users\skup-pc\documents\visual studio 2022\projects\dx11framework\dx11framework\x64\release\dx11framework.tlog\fxc.command.1.tlog
c:\users\skup-pc\documents\visual studio 2022\projects\dx11framework\dx11framework\x64\release\dx11framework.tlog\fxc.read.1.tlog
c:\users\skup-pc\documents\visual studio 2022\projects\dx11framework\dx11framework\x64\release\dx11framework.tlog\fxc.write.1.tlog
c:\users\skup-pc\documents\visual studio 2022\projects\dx11framework\dx11framework\x64\release\dx11framework.tlog\link.command.1.tlog
c:\users\skup-pc\documents\visual studio 2022\projects\dx11framework\dx11framework\x64\release\dx11framework.tlog\link.read.1.tlog
c:\users\skup-pc\documents\visual studio 2022\projects\dx11framework\dx11framework\x64\release\dx11framework.tlog\link.write.1.tlog
