c:\users\skup-pc\documents\visual studio 2022\projects\doorsengine\lib\x64\debug\ecs_d.pdb
c:\users\skup-pc\documents\visual studio 2022\projects\doorsengine\lib\x64\debug\ecs_d.idb
c:\users\skup-pc\documents\visual studio 2022\projects\doorsengine\ecs\x64\debug\ecs_main_unit_test.obj
c:\users\skup-pc\documents\visual studio 2022\projects\doorsengine\ecs\x64\debug\transformsystem.obj
c:\users\skup-pc\documents\visual studio 2022\projects\doorsengine\ecs\x64\debug\rendersystem.obj
c:\users\skup-pc\documents\visual studio 2022\projects\doorsengine\ecs\x64\debug\movesystem.obj
c:\users\skup-pc\documents\visual studio 2022\projects\doorsengine\ecs\x64\debug\meshsystem.obj
c:\users\skup-pc\documents\visual studio 2022\projects\doorsengine\ecs\x64\debug\entitymanager.obj
c:\users\skup-pc\documents\visual studio 2022\projects\doorsengine\ecs\x64\debug\stringhelper.obj
c:\users\skup-pc\documents\visual studio 2022\projects\doorsengine\ecs\x64\debug\mathhelper.obj
c:\users\skup-pc\documents\visual studio 2022\projects\doorsengine\ecs\x64\debug\log.obj
c:\users\skup-pc\documents\visual studio 2022\projects\doorsengine\ecs\x64\debug\lib_exception.obj
c:\users\skup-pc\documents\visual studio 2022\projects\doorsengine\ecs\x64\debug\utils.h.ifc
c:\users\skup-pc\documents\visual studio 2022\projects\doorsengine\ecs\x64\debug\utils.h.ifc.d.json
c:\users\skup-pc\documents\visual studio 2022\projects\doorsengine\ecs\x64\debug\utils.h.obj
c:\users\skup-pc\documents\visual studio 2022\projects\doorsengine\ecs\x64\debug\utils.h.module.json
c:\users\skup-pc\documents\visual studio 2022\projects\doorsengine\ecs\x64\debug\ecs.tlog\cl.command.1.tlog
c:\users\skup-pc\documents\visual studio 2022\projects\doorsengine\ecs\x64\debug\ecs.tlog\cl.read.1.tlog
c:\users\skup-pc\documents\visual studio 2022\projects\doorsengine\ecs\x64\debug\ecs.tlog\cl.write.1.tlog
c:\users\skup-pc\documents\visual studio 2022\projects\doorsengine\ecs\x64\debug\ecs_md.tlog\cl.command.1.tlog
c:\users\skup-pc\documents\visual studio 2022\projects\doorsengine\ecs\x64\debug\ecs_md.tlog\microsoft.build.cpptasks.cl.read.1.tlog
c:\users\skup-pc\documents\visual studio 2022\projects\doorsengine\ecs\x64\debug\ecs_md.tlog\microsoft.build.cpptasks.cl.write.1.tlog
