c:\users\skup-pc\documents\visual studio 2022\projects\doorsengine\x64\release\ecs.pdb
c:\users\skup-pc\documents\visual studio 2022\projects\doorsengine\ecs\x64\release\transformsystem.obj
c:\users\skup-pc\documents\visual studio 2022\projects\doorsengine\ecs\x64\release\rendersystem.obj
c:\users\skup-pc\documents\visual studio 2022\projects\doorsengine\ecs\x64\release\movesystem.obj
c:\users\skup-pc\documents\visual studio 2022\projects\doorsengine\ecs\x64\release\meshsystem.obj
c:\users\skup-pc\documents\visual studio 2022\projects\doorsengine\ecs\x64\release\entitymanager.obj
c:\users\skup-pc\documents\visual studio 2022\projects\doorsengine\ecs\x64\release\stringhelper.obj
c:\users\skup-pc\documents\visual studio 2022\projects\doorsengine\ecs\x64\release\mathhelper.obj
c:\users\skup-pc\documents\visual studio 2022\projects\doorsengine\ecs\x64\release\log.obj
c:\users\skup-pc\documents\visual studio 2022\projects\doorsengine\ecs\x64\release\lib_exception.obj
c:\users\skup-pc\documents\visual studio 2022\projects\doorsengine\ecs\x64\release\utils.h.ifc
c:\users\skup-pc\documents\visual studio 2022\projects\doorsengine\ecs\x64\release\utils.h.ifc.d.json
c:\users\skup-pc\documents\visual studio 2022\projects\doorsengine\ecs\x64\release\utils.h.obj
c:\users\skup-pc\documents\visual studio 2022\projects\doorsengine\x64\release\ecs.lib
c:\users\skup-pc\documents\visual studio 2022\projects\doorsengine\ecs\x64\release\utils.h.module.json
c:\users\skup-pc\documents\visual studio 2022\projects\doorsengine\ecs\x64\release\ecs.tlog\cl.command.1.tlog
c:\users\skup-pc\documents\visual studio 2022\projects\doorsengine\ecs\x64\release\ecs.tlog\cl.read.1.tlog
c:\users\skup-pc\documents\visual studio 2022\projects\doorsengine\ecs\x64\release\ecs.tlog\cl.write.1.tlog
c:\users\skup-pc\documents\visual studio 2022\projects\doorsengine\ecs\x64\release\ecs.tlog\lib-link.read.1.tlog
c:\users\skup-pc\documents\visual studio 2022\projects\doorsengine\ecs\x64\release\ecs.tlog\lib-link.write.1.tlog
c:\users\skup-pc\documents\visual studio 2022\projects\doorsengine\ecs\x64\release\ecs.tlog\lib.command.1.tlog
c:\users\skup-pc\documents\visual studio 2022\projects\doorsengine\ecs\x64\release\ecs_md.tlog\cl.command.1.tlog
c:\users\skup-pc\documents\visual studio 2022\projects\doorsengine\ecs\x64\release\ecs_md.tlog\microsoft.build.cpptasks.cl.read.1.tlog
c:\users\skup-pc\documents\visual studio 2022\projects\doorsengine\ecs\x64\release\ecs_md.tlog\microsoft.build.cpptasks.cl.write.1.tlog
