  compilation object save succeeded; see C:\Users\Skup-PC\Documents\Visual Studio 2022\Projects\DoorsEngine\Lib\x64\Release\colorPS.cso
  compilation object save succeeded; see C:\Users\Skup-PC\Documents\Visual Studio 2022\Projects\DoorsEngine\Lib\x64\Release\colorVS.cso
  compilation object save succeeded; see C:\Users\Skup-PC\Documents\Visual Studio 2022\Projects\DoorsEngine\Lib\x64\Release\fontPS.cso
  compilation object save succeeded; see C:\Users\Skup-PC\Documents\Visual Studio 2022\Projects\DoorsEngine\Lib\x64\Release\fontVS.cso
  compilation object save succeeded; see C:\Users\Skup-PC\Documents\Visual Studio 2022\Projects\DoorsEngine\Lib\x64\Release\LightPS.cso
  compilation object save succeeded; see C:\Users\Skup-PC\Documents\Visual Studio 2022\Projects\DoorsEngine\Lib\x64\Release\LightVS.cso
  compilation object save succeeded; see C:\Users\Skup-PC\Documents\Visual Studio 2022\Projects\DoorsEngine\Lib\x64\Release\skyDomePixel.cso
  compilation object save succeeded; see C:\Users\Skup-PC\Documents\Visual Studio 2022\Projects\DoorsEngine\Lib\x64\Release\skyDomeVertex.cso
  compilation object save succeeded; see C:\Users\Skup-PC\Documents\Visual Studio 2022\Projects\DoorsEngine\Lib\x64\Release\skyPlanePixel.cso
  compilation object save succeeded; see C:\Users\Skup-PC\Documents\Visual Studio 2022\Projects\DoorsEngine\Lib\x64\Release\skyPlaneVertex.cso
  compilation object save succeeded; see C:\Users\Skup-PC\Documents\Visual Studio 2022\Projects\DoorsEngine\Lib\x64\Release\texturePS.cso
  compilation object save succeeded; see C:\Users\Skup-PC\Documents\Visual Studio 2022\Projects\DoorsEngine\Lib\x64\Release\textureVS.cso
  LIB_Exception.cpp
  log.cpp
  MathHelper.cpp
  StringHelper.cpp
  InitRender.cpp
  Render.cpp
  colorshaderclass.cpp
  fontshaderclass.cpp
  LightShaderClass.cpp
  PixelShader.cpp
  SamplerState.cpp
  shaderclass.cpp
  textureshaderclass.cpp
  VertexShader.cpp
  Render.vcxproj -> C:\Users\Skup-PC\Documents\Visual Studio 2022\Projects\DoorsEngine\Lib\x64\Release\Render.lib
