c:\users\skup-pc\documents\visual studio 2022\projects\doorsengine\lib\x64\release\render.pdb
c:\users\skup-pc\documents\visual studio 2022\projects\doorsengine\render\x64\release\vertexshader.obj
c:\users\skup-pc\documents\visual studio 2022\projects\doorsengine\render\x64\release\textureshaderclass.obj
c:\users\skup-pc\documents\visual studio 2022\projects\doorsengine\render\x64\release\shaderclass.obj
c:\users\skup-pc\documents\visual studio 2022\projects\doorsengine\render\x64\release\samplerstate.obj
c:\users\skup-pc\documents\visual studio 2022\projects\doorsengine\render\x64\release\pixelshader.obj
c:\users\skup-pc\documents\visual studio 2022\projects\doorsengine\render\x64\release\lightshaderclass.obj
c:\users\skup-pc\documents\visual studio 2022\projects\doorsengine\render\x64\release\fontshaderclass.obj
c:\users\skup-pc\documents\visual studio 2022\projects\doorsengine\render\x64\release\colorshaderclass.obj
c:\users\skup-pc\documents\visual studio 2022\projects\doorsengine\render\x64\release\render.obj
c:\users\skup-pc\documents\visual studio 2022\projects\doorsengine\render\x64\release\initrender.obj
c:\users\skup-pc\documents\visual studio 2022\projects\doorsengine\render\x64\release\stringhelper.obj
c:\users\skup-pc\documents\visual studio 2022\projects\doorsengine\render\x64\release\mathhelper.obj
c:\users\skup-pc\documents\visual studio 2022\projects\doorsengine\render\x64\release\log.obj
c:\users\skup-pc\documents\visual studio 2022\projects\doorsengine\render\x64\release\lib_exception.obj
c:\users\skup-pc\documents\visual studio 2022\projects\doorsengine\lib\x64\release\colorps.cso
c:\users\skup-pc\documents\visual studio 2022\projects\doorsengine\lib\x64\release\colorvs.cso
c:\users\skup-pc\documents\visual studio 2022\projects\doorsengine\lib\x64\release\fontps.cso
c:\users\skup-pc\documents\visual studio 2022\projects\doorsengine\lib\x64\release\fontvs.cso
c:\users\skup-pc\documents\visual studio 2022\projects\doorsengine\lib\x64\release\lightvs.cso
c:\users\skup-pc\documents\visual studio 2022\projects\doorsengine\lib\x64\release\skydomepixel.cso
c:\users\skup-pc\documents\visual studio 2022\projects\doorsengine\lib\x64\release\skydomevertex.cso
c:\users\skup-pc\documents\visual studio 2022\projects\doorsengine\lib\x64\release\skyplanepixel.cso
c:\users\skup-pc\documents\visual studio 2022\projects\doorsengine\lib\x64\release\skyplanevertex.cso
c:\users\skup-pc\documents\visual studio 2022\projects\doorsengine\lib\x64\release\textureps.cso
c:\users\skup-pc\documents\visual studio 2022\projects\doorsengine\lib\x64\release\texturevs.cso
c:\users\skup-pc\documents\visual studio 2022\projects\doorsengine\lib\x64\release\lightps.cso
c:\users\skup-pc\documents\visual studio 2022\projects\doorsengine\lib\x64\release\render.lib
c:\users\skup-pc\documents\visual studio 2022\projects\doorsengine\render\x64\release\render.tlog\cl.command.1.tlog
c:\users\skup-pc\documents\visual studio 2022\projects\doorsengine\render\x64\release\render.tlog\cl.read.1.tlog
c:\users\skup-pc\documents\visual studio 2022\projects\doorsengine\render\x64\release\render.tlog\cl.write.1.tlog
c:\users\skup-pc\documents\visual studio 2022\projects\doorsengine\render\x64\release\render.tlog\fxc.command.1.tlog
c:\users\skup-pc\documents\visual studio 2022\projects\doorsengine\render\x64\release\render.tlog\fxc.read.1.tlog
c:\users\skup-pc\documents\visual studio 2022\projects\doorsengine\render\x64\release\render.tlog\fxc.write.1.tlog
c:\users\skup-pc\documents\visual studio 2022\projects\doorsengine\render\x64\release\render.tlog\lib-link.read.1.tlog
c:\users\skup-pc\documents\visual studio 2022\projects\doorsengine\render\x64\release\render.tlog\lib-link.write.1.tlog
c:\users\skup-pc\documents\visual studio 2022\projects\doorsengine\render\x64\release\render.tlog\lib.command.1.tlog
